<?xml version="1.0" encoding="UTF-8"?>
<!-- Generated by org.testng.reporters.JUnitXMLReporter -->
<testsuite ignored="9" hostname="kumar" failures="1" tests="1" name="Default test" time="42.864" errors="0" timestamp="2022-12-06T13:32:24 IST">
  <testcase classname="com.Kareclouds.TestPages.PatientPageTest" name="verifyPatientnameOrder_1stWay" time="34.14">
    <failure type="java.lang.AssertionError" message="Lists differ at element [9]: a != ASP expected [a] but found [ASP]">
      <![CDATA[java.lang.AssertionError: Lists differ at element [9]: a != ASP expected [a] but found [ASP]
at org.testng.Assert.fail(Assert.java:110)
at org.testng.Assert.failNotEquals(Assert.java:1413)
at org.testng.Assert.assertEqualsImpl(Assert.java:149)
at org.testng.Assert.assertEquals(Assert.java:1479)
at org.testng.Assert.assertEquals(Assert.java:1441)
at com.Kareclouds.TestPages.PatientPageTest.verifyPatientnameOrder_1stWay(PatientPageTest.java:126)
at java.base/jdk.internal.reflect.NativeMethodAccessorImpl.invoke0(Native Method)
at java.base/jdk.internal.reflect.NativeMethodAccessorImpl.invoke(NativeMethodAccessorImpl.java:78)
at java.base/jdk.internal.reflect.DelegatingMethodAccessorImpl.invoke(DelegatingMethodAccessorImpl.java:43)
at java.base/java.lang.reflect.Method.invoke(Method.java:567)
at org.testng.internal.invokers.MethodInvocationHelper.invokeMethod(MethodInvocationHelper.java:139)
at org.testng.internal.invokers.TestInvoker.invokeMethod(TestInvoker.java:677)
at org.testng.internal.invokers.TestInvoker.invokeTestMethod(TestInvoker.java:221)
at org.testng.internal.invokers.MethodRunner.runInSequence(MethodRunner.java:50)
at org.testng.internal.invokers.TestInvoker$MethodInvocationAgent.invoke(TestInvoker.java:962)
at org.testng.internal.invokers.TestInvoker.invokeTestMethods(TestInvoker.java:194)
at org.testng.internal.invokers.TestMethodWorker.invokeTestMethods(TestMethodWorker.java:148)
at org.testng.internal.invokers.TestMethodWorker.run(TestMethodWorker.java:128)
at java.base/java.util.ArrayList.forEach(ArrayList.java:1511)
at org.testng.TestRunner.privateRun(TestRunner.java:806)
at org.testng.TestRunner.run(TestRunner.java:601)
at org.testng.SuiteRunner.runTest(SuiteRunner.java:433)
at org.testng.SuiteRunner.runSequentially(SuiteRunner.java:427)
at org.testng.SuiteRunner.privateRun(SuiteRunner.java:387)
at org.testng.SuiteRunner.run(SuiteRunner.java:330)
at org.testng.SuiteRunnerWorker.runSuite(SuiteRunnerWorker.java:52)
at org.testng.SuiteRunnerWorker.run(SuiteRunnerWorker.java:95)
at org.testng.TestNG.runSuitesSequentially(TestNG.java:1256)
at org.testng.TestNG.runSuitesLocally(TestNG.java:1176)
at org.testng.TestNG.runSuites(TestNG.java:1099)
at org.testng.TestNG.run(TestNG.java:1067)
at org.testng.remote.AbstractRemoteTestNG.run(AbstractRemoteTestNG.java:115)
at org.testng.remote.RemoteTestNG.initAndRun(RemoteTestNG.java:251)
at org.testng.remote.RemoteTestNG.main(RemoteTestNG.java:77)
]]>
    </failure>
  </testcase> <!-- verifyPatientnameOrder_1stWay -->
  <testcase classname="com.Kareclouds.TestPages.PatientPageTest" name="verifTableColumnSorting" time="0.0">
    <ignored/>
  </testcase> <!-- verifTableColumnSorting -->
  <testcase classname="com.Kareclouds.TestPages.PatientPageTest" name="VerifySearchOption" time="0.0">
    <ignored/>
  </testcase> <!-- VerifySearchOption -->
  <testcase classname="com.Kareclouds.TestPages.PatientPageTest" name="verifyPatientIdAscendingOrder" time="0.0">
    <ignored/>
  </testcase> <!-- verifyPatientIdAscendingOrder -->
  <testcase classname="com.Kareclouds.TestPages.PatientPageTest" name="verifyActionCol_ListOPDLink" time="0.0">
    <ignored/>
  </testcase> <!-- verifyActionCol_ListOPDLink -->
  <testcase classname="com.Kareclouds.TestPages.PatientPageTest" name="verifyDisabledPatientLink" time="0.0">
    <ignored/>
  </testcase> <!-- verifyDisabledPatientLink -->
  <testcase classname="com.Kareclouds.TestPages.PatientPageTest" name="verifyActionColumnInTable" time="0.0">
    <ignored/>
  </testcase> <!-- verifyActionColumnInTable -->
  <testcase classname="com.Kareclouds.TestPages.PatientPageTest" name="verifyActionCol_ListOpeartionTheater" time="0.0">
    <ignored/>
  </testcase> <!-- verifyActionCol_ListOpeartionTheater -->
  <testcase classname="com.Kareclouds.TestPages.PatientPageTest" name="verifyActionCol_ListPharamacyLink" time="0.0">
    <ignored/>
  </testcase> <!-- verifyActionCol_ListPharamacyLink -->
  <testcase classname="com.Kareclouds.TestPages.PatientPageTest" name="verifyFormDetails" time="0.0">
    <ignored/>
  </testcase> <!-- verifyFormDetails -->
</testsuite> <!-- Default test -->
