<?xml version="1.0" encoding="UTF-8"?>
<testng-results ignored="10" total="11" passed="0" failed="1" skipped="0">
  <reporter-output>
  </reporter-output>
  <suite started-at="2022-12-07T10:48:28 IST" name="Default suite" finished-at="2022-12-07T10:49:25 IST" duration-ms="56996">
    <groups>
    </groups>
    <test started-at="2022-12-07T10:48:28 IST" name="Default test" finished-at="2022-12-07T10:49:25 IST" duration-ms="56996">
      <class name="com.Kareclouds.TestPages.PatientPageTest">
        <test-method is-config="true" signature="launchApplication()[pri:0, instance:com.Kareclouds.TestPages.PatientPageTest@69e153c5]" started-at="2022-12-07T10:48:28 IST" name="launchApplication" finished-at="2022-12-07T10:48:56 IST" duration-ms="27515" status="PASS">
          <reporter-output>
          </reporter-output>
        </test-method> <!-- launchApplication -->
        <test-method signature="verifyPatientnameOrder()[pri:0, instance:com.Kareclouds.TestPages.PatientPageTest@69e153c5]" started-at="2022-12-07T10:48:56 IST" name="verifyPatientnameOrder" finished-at="2022-12-07T10:49:25 IST" duration-ms="29392" status="FAIL">
          <exception class="java.lang.AssertionError">
            <message>
              <![CDATA[Lists differ at element [9]: a != ASP expected [a] but found [ASP]]]>
            </message>
            <full-stacktrace>
              <![CDATA[java.lang.AssertionError: Lists differ at element [9]: a != ASP expected [a] but found [ASP]
at org.testng.Assert.fail(Assert.java:110)
at org.testng.Assert.failNotEquals(Assert.java:1413)
at org.testng.Assert.assertEqualsImpl(Assert.java:149)
at org.testng.Assert.assertEquals(Assert.java:1479)
at org.testng.Assert.assertEquals(Assert.java:1441)
at com.Kareclouds.TestPages.PatientPageTest.verifyPatientnameOrder(PatientPageTest.java:134)
at java.base/jdk.internal.reflect.NativeMethodAccessorImpl.invoke0(Native Method)
at java.base/jdk.internal.reflect.NativeMethodAccessorImpl.invoke(NativeMethodAccessorImpl.java:78)
at java.base/jdk.internal.reflect.DelegatingMethodAccessorImpl.invoke(DelegatingMethodAccessorImpl.java:43)
at java.base/java.lang.reflect.Method.invoke(Method.java:567)
at org.testng.internal.invokers.MethodInvocationHelper.invokeMethod(MethodInvocationHelper.java:139)
at org.testng.internal.invokers.TestInvoker.invokeMethod(TestInvoker.java:677)
at org.testng.internal.invokers.TestInvoker.invokeTestMethod(TestInvoker.java:221)
at org.testng.internal.invokers.MethodRunner.runInSequence(MethodRunner.java:50)
at org.testng.internal.invokers.TestInvoker$MethodInvocationAgent.invoke(TestInvoker.java:962)
at org.testng.internal.invokers.TestInvoker.invokeTestMethods(TestInvoker.java:194)
at org.testng.internal.invokers.TestMethodWorker.invokeTestMethods(TestMethodWorker.java:148)
at org.testng.internal.invokers.TestMethodWorker.run(TestMethodWorker.java:128)
at java.base/java.util.ArrayList.forEach(ArrayList.java:1511)
at org.testng.TestRunner.privateRun(TestRunner.java:806)
at org.testng.TestRunner.run(TestRunner.java:601)
at org.testng.SuiteRunner.runTest(SuiteRunner.java:433)
at org.testng.SuiteRunner.runSequentially(SuiteRunner.java:427)
at org.testng.SuiteRunner.privateRun(SuiteRunner.java:387)
at org.testng.SuiteRunner.run(SuiteRunner.java:330)
at org.testng.SuiteRunnerWorker.runSuite(SuiteRunnerWorker.java:52)
at org.testng.SuiteRunnerWorker.run(SuiteRunnerWorker.java:95)
at org.testng.TestNG.runSuitesSequentially(TestNG.java:1256)
at org.testng.TestNG.runSuitesLocally(TestNG.java:1176)
at org.testng.TestNG.runSuites(TestNG.java:1099)
at org.testng.TestNG.run(TestNG.java:1067)
at org.testng.remote.AbstractRemoteTestNG.run(AbstractRemoteTestNG.java:115)
at org.testng.remote.RemoteTestNG.initAndRun(RemoteTestNG.java:251)
at org.testng.remote.RemoteTestNG.main(RemoteTestNG.java:77)
]]>
            </full-stacktrace>
          </exception> <!-- java.lang.AssertionError -->
          <reporter-output>
          </reporter-output>
        </test-method> <!-- verifyPatientnameOrder -->
        <test-method is-config="true" signature="tearDown()[pri:0, instance:com.Kareclouds.TestPages.PatientPageTest@69e153c5]" started-at="2022-12-07T10:49:25 IST" name="tearDown" finished-at="2022-12-07T10:49:25 IST" duration-ms="3" status="PASS">
          <reporter-output>
          </reporter-output>
        </test-method> <!-- tearDown -->
      </class> <!-- com.Kareclouds.TestPages.PatientPageTest -->
    </test> <!-- Default test -->
  </suite> <!-- Default suite -->
</testng-results>
