<?xml version="1.0" encoding="UTF-8"?>
<testng-results ignored="0" total="52" passed="27" failed="13" skipped="12">
  <reporter-output>
  </reporter-output>
  <suite started-at="2022-12-16T10:57:44 IST" name="Suite" finished-at="2022-12-16T11:21:52 IST" duration-ms="1448173">
    <groups>
    </groups>
    <test started-at="2022-12-16T10:57:44 IST" name="Test" finished-at="2022-12-16T11:21:52 IST" duration-ms="1448173">
      <class name="com.Kareclouds.TestPages.BedGroupTest">
        <test-method is-config="true" signature="launchApplication(org.testng.ITestContext)[pri:0, instance:com.Kareclouds.TestPages.BedGroupTest@7ca20101]" started-at="2022-12-16T11:15:45 IST" name="launchApplication" finished-at="2022-12-16T11:15:52 IST" duration-ms="7556" status="PASS">
          <params>
            <param index="0">
              <value>
                <![CDATA[org.testng.TestRunner@7c81b1e1]]>
              </value>
            </param>
          </params>
          <reporter-output>
          </reporter-output>
        </test-method> <!-- launchApplication -->
        <test-method signature="VerifySearchOptionOfBedGroup()[pri:0, instance:com.Kareclouds.TestPages.BedGroupTest@7ca20101]" started-at="2022-12-16T11:15:52 IST" name="VerifySearchOptionOfBedGroup" finished-at="2022-12-16T11:16:12 IST" duration-ms="19127" status="PASS">
          <reporter-output>
          </reporter-output>
        </test-method> <!-- VerifySearchOptionOfBedGroup -->
        <test-method is-config="true" signature="tearDown()[pri:0, instance:com.Kareclouds.TestPages.BedGroupTest@7ca20101]" started-at="2022-12-16T11:16:12 IST" name="tearDown" finished-at="2022-12-16T11:16:12 IST" duration-ms="696" status="PASS">
          <reporter-output>
          </reporter-output>
        </test-method> <!-- tearDown -->
        <test-method is-config="true" signature="launchApplication(org.testng.ITestContext)[pri:0, instance:com.Kareclouds.TestPages.BedGroupTest@7ca20101]" started-at="2022-12-16T11:16:12 IST" name="launchApplication" finished-at="2022-12-16T11:16:39 IST" duration-ms="26738" status="FAIL">
          <params>
            <param index="0">
              <value>
                <![CDATA[org.testng.TestRunner@7c81b1e1]]>
              </value>
            </param>
          </params>
          <exception class="org.openqa.selenium.TimeoutException">
            <message>
              <![CDATA[timeout: Timed out receiving message from renderer: 16.903
  (Session info: chrome=108.0.5359.124)
Build info: version: '4.6.0', revision: '79f1c02ae20'
System info: os.name: 'Windows 8.1', os.arch: 'amd64', os.version: '6.3', java.version: '16.0.1'
Driver info: org.openqa.selenium.chrome.ChromeDriver
Command: [ba372406ccaaae0a24e9e69d3300699c, get {url=http://kareclouds.com/site/login}]
Capabilities {acceptInsecureCerts: false, browserName: chrome, browserVersion: 108.0.5359.124, chrome: {chromedriverVersion: 108.0.5359.71 (1e0e3868ee06..., userDataDir: C:\Users\PRASAN~1\AppData\L...}, goog:chromeOptions: {debuggerAddress: localhost:49635}, networkConnectionEnabled: false, pageLoadStrategy: normal, platformName: WINDOWS, proxy: Proxy(), se:cdp: ws://localhost:49635/devtoo..., se:cdpVersion: 108.0.5359.124, setWindowRect: true, strictFileInteractability: false, timeouts: {implicit: 0, pageLoad: 300000, script: 30000}, unhandledPromptBehavior: dismiss and notify, webauthn:extension:credBlob: true, webauthn:extension:largeBlob: true, webauthn:virtualAuthenticators: true}
Session ID: ba372406ccaaae0a24e9e69d3300699c]]>
            </message>
            <full-stacktrace>
              <![CDATA[org.openqa.selenium.TimeoutException: timeout: Timed out receiving message from renderer: 16.903
  (Session info: chrome=108.0.5359.124)
Build info: version: '4.6.0', revision: '79f1c02ae20'
System info: os.name: 'Windows 8.1', os.arch: 'amd64', os.version: '6.3', java.version: '16.0.1'
Driver info: org.openqa.selenium.chrome.ChromeDriver
Command: [ba372406ccaaae0a24e9e69d3300699c, get {url=http://kareclouds.com/site/login}]
Capabilities {acceptInsecureCerts: false, browserName: chrome, browserVersion: 108.0.5359.124, chrome: {chromedriverVersion: 108.0.5359.71 (1e0e3868ee06..., userDataDir: C:\Users\PRASAN~1\AppData\L...}, goog:chromeOptions: {debuggerAddress: localhost:49635}, networkConnectionEnabled: false, pageLoadStrategy: normal, platformName: WINDOWS, proxy: Proxy(), se:cdp: ws://localhost:49635/devtoo..., se:cdpVersion: 108.0.5359.124, setWindowRect: true, strictFileInteractability: false, timeouts: {implicit: 0, pageLoad: 300000, script: 30000}, unhandledPromptBehavior: dismiss and notify, webauthn:extension:credBlob: true, webauthn:extension:largeBlob: true, webauthn:virtualAuthenticators: true}
Session ID: ba372406ccaaae0a24e9e69d3300699c
at java.base/jdk.internal.reflect.NativeConstructorAccessorImpl.newInstance0(Native Method)
at java.base/jdk.internal.reflect.NativeConstructorAccessorImpl.newInstance(NativeConstructorAccessorImpl.java:78)
at java.base/jdk.internal.reflect.DelegatingConstructorAccessorImpl.newInstance(DelegatingConstructorAccessorImpl.java:45)
at java.base/java.lang.reflect.Constructor.newInstanceWithCaller(Constructor.java:499)
at java.base/java.lang.reflect.Constructor.newInstance(Constructor.java:480)
at org.openqa.selenium.remote.codec.w3c.W3CHttpResponseCodec.createException(W3CHttpResponseCodec.java:200)
at org.openqa.selenium.remote.codec.w3c.W3CHttpResponseCodec.decode(W3CHttpResponseCodec.java:133)
at org.openqa.selenium.remote.codec.w3c.W3CHttpResponseCodec.decode(W3CHttpResponseCodec.java:53)
at org.openqa.selenium.remote.HttpCommandExecutor.execute(HttpCommandExecutor.java:184)
at org.openqa.selenium.remote.service.DriverCommandExecutor.invokeExecute(DriverCommandExecutor.java:167)
at org.openqa.selenium.remote.service.DriverCommandExecutor.execute(DriverCommandExecutor.java:142)
at org.openqa.selenium.remote.RemoteWebDriver.execute(RemoteWebDriver.java:541)
at org.openqa.selenium.remote.RemoteWebDriver.get(RemoteWebDriver.java:310)
at com.Kareclouds.Pages.LoginPage.gotoUrl(LoginPage.java:39)
at com.Kareclouds.TestPages.BaseTest.launchApplication(BaseTest.java:63)
at jdk.internal.reflect.GeneratedMethodAccessor4.invoke(Unknown Source)
at java.base/jdk.internal.reflect.DelegatingMethodAccessorImpl.invoke(DelegatingMethodAccessorImpl.java:43)
at java.base/java.lang.reflect.Method.invoke(Method.java:567)
at org.testng.internal.invokers.MethodInvocationHelper.invokeMethod(MethodInvocationHelper.java:139)
at org.testng.internal.invokers.MethodInvocationHelper.invokeMethodConsideringTimeout(MethodInvocationHelper.java:69)
at org.testng.internal.invokers.ConfigInvoker.invokeConfigurationMethod(ConfigInvoker.java:361)
at org.testng.internal.invokers.ConfigInvoker.invokeConfigurations(ConfigInvoker.java:296)
at org.testng.internal.invokers.TestInvoker.runConfigMethods(TestInvoker.java:816)
at org.testng.internal.invokers.TestInvoker.invokeMethod(TestInvoker.java:590)
at org.testng.internal.invokers.TestInvoker.invokeTestMethod(TestInvoker.java:221)
at org.testng.internal.invokers.MethodRunner.runInSequence(MethodRunner.java:50)
at org.testng.internal.invokers.TestInvoker$MethodInvocationAgent.invoke(TestInvoker.java:962)
at org.testng.internal.invokers.TestInvoker.invokeTestMethods(TestInvoker.java:194)
at org.testng.internal.invokers.TestMethodWorker.invokeTestMethods(TestMethodWorker.java:148)
at org.testng.internal.invokers.TestMethodWorker.run(TestMethodWorker.java:128)
at java.base/java.util.ArrayList.forEach(ArrayList.java:1511)
at org.testng.TestRunner.privateRun(TestRunner.java:806)
at org.testng.TestRunner.run(TestRunner.java:601)
at org.testng.SuiteRunner.runTest(SuiteRunner.java:433)
at org.testng.SuiteRunner.runSequentially(SuiteRunner.java:427)
at org.testng.SuiteRunner.privateRun(SuiteRunner.java:387)
at org.testng.SuiteRunner.run(SuiteRunner.java:330)
at org.testng.SuiteRunnerWorker.runSuite(SuiteRunnerWorker.java:52)
at org.testng.SuiteRunnerWorker.run(SuiteRunnerWorker.java:95)
at org.testng.TestNG.runSuitesSequentially(TestNG.java:1256)
at org.testng.TestNG.runSuitesLocally(TestNG.java:1176)
at org.testng.TestNG.runSuites(TestNG.java:1099)
at org.testng.TestNG.run(TestNG.java:1067)
at org.testng.remote.AbstractRemoteTestNG.run(AbstractRemoteTestNG.java:115)
at org.testng.remote.RemoteTestNG.initAndRun(RemoteTestNG.java:251)
at org.testng.remote.RemoteTestNG.main(RemoteTestNG.java:77)
]]>
            </full-stacktrace>
          </exception> <!-- org.openqa.selenium.TimeoutException -->
          <reporter-output>
          </reporter-output>
        </test-method> <!-- launchApplication -->
        <test-method signature="VerifyformOfBedGroup()[pri:0, instance:com.Kareclouds.TestPages.BedGroupTest@7ca20101]" started-at="2022-12-16T11:16:39 IST" name="VerifyformOfBedGroup" finished-at="2022-12-16T11:16:39 IST" duration-ms="0" status="SKIP">
          <exception class="org.openqa.selenium.TimeoutException">
            <message>
              <![CDATA[timeout: Timed out receiving message from renderer: 16.903
  (Session info: chrome=108.0.5359.124)
Build info: version: '4.6.0', revision: '79f1c02ae20'
System info: os.name: 'Windows 8.1', os.arch: 'amd64', os.version: '6.3', java.version: '16.0.1'
Driver info: org.openqa.selenium.chrome.ChromeDriver
Command: [ba372406ccaaae0a24e9e69d3300699c, get {url=http://kareclouds.com/site/login}]
Capabilities {acceptInsecureCerts: false, browserName: chrome, browserVersion: 108.0.5359.124, chrome: {chromedriverVersion: 108.0.5359.71 (1e0e3868ee06..., userDataDir: C:\Users\PRASAN~1\AppData\L...}, goog:chromeOptions: {debuggerAddress: localhost:49635}, networkConnectionEnabled: false, pageLoadStrategy: normal, platformName: WINDOWS, proxy: Proxy(), se:cdp: ws://localhost:49635/devtoo..., se:cdpVersion: 108.0.5359.124, setWindowRect: true, strictFileInteractability: false, timeouts: {implicit: 0, pageLoad: 300000, script: 30000}, unhandledPromptBehavior: dismiss and notify, webauthn:extension:credBlob: true, webauthn:extension:largeBlob: true, webauthn:virtualAuthenticators: true}
Session ID: ba372406ccaaae0a24e9e69d3300699c]]>
            </message>
            <full-stacktrace>
              <![CDATA[org.openqa.selenium.TimeoutException: timeout: Timed out receiving message from renderer: 16.903
  (Session info: chrome=108.0.5359.124)
Build info: version: '4.6.0', revision: '79f1c02ae20'
System info: os.name: 'Windows 8.1', os.arch: 'amd64', os.version: '6.3', java.version: '16.0.1'
Driver info: org.openqa.selenium.chrome.ChromeDriver
Command: [ba372406ccaaae0a24e9e69d3300699c, get {url=http://kareclouds.com/site/login}]
Capabilities {acceptInsecureCerts: false, browserName: chrome, browserVersion: 108.0.5359.124, chrome: {chromedriverVersion: 108.0.5359.71 (1e0e3868ee06..., userDataDir: C:\Users\PRASAN~1\AppData\L...}, goog:chromeOptions: {debuggerAddress: localhost:49635}, networkConnectionEnabled: false, pageLoadStrategy: normal, platformName: WINDOWS, proxy: Proxy(), se:cdp: ws://localhost:49635/devtoo..., se:cdpVersion: 108.0.5359.124, setWindowRect: true, strictFileInteractability: false, timeouts: {implicit: 0, pageLoad: 300000, script: 30000}, unhandledPromptBehavior: dismiss and notify, webauthn:extension:credBlob: true, webauthn:extension:largeBlob: true, webauthn:virtualAuthenticators: true}
Session ID: ba372406ccaaae0a24e9e69d3300699c
at java.base/jdk.internal.reflect.NativeConstructorAccessorImpl.newInstance0(Native Method)
at java.base/jdk.internal.reflect.NativeConstructorAccessorImpl.newInstance(NativeConstructorAccessorImpl.java:78)
at java.base/jdk.internal.reflect.DelegatingConstructorAccessorImpl.newInstance(DelegatingConstructorAccessorImpl.java:45)
at java.base/java.lang.reflect.Constructor.newInstanceWithCaller(Constructor.java:499)
at java.base/java.lang.reflect.Constructor.newInstance(Constructor.java:480)
at org.openqa.selenium.remote.codec.w3c.W3CHttpResponseCodec.createException(W3CHttpResponseCodec.java:200)
at org.openqa.selenium.remote.codec.w3c.W3CHttpResponseCodec.decode(W3CHttpResponseCodec.java:133)
at org.openqa.selenium.remote.codec.w3c.W3CHttpResponseCodec.decode(W3CHttpResponseCodec.java:53)
at org.openqa.selenium.remote.HttpCommandExecutor.execute(HttpCommandExecutor.java:184)
at org.openqa.selenium.remote.service.DriverCommandExecutor.invokeExecute(DriverCommandExecutor.java:167)
at org.openqa.selenium.remote.service.DriverCommandExecutor.execute(DriverCommandExecutor.java:142)
at org.openqa.selenium.remote.RemoteWebDriver.execute(RemoteWebDriver.java:541)
at org.openqa.selenium.remote.RemoteWebDriver.get(RemoteWebDriver.java:310)
at com.Kareclouds.Pages.LoginPage.gotoUrl(LoginPage.java:39)
at com.Kareclouds.TestPages.BaseTest.launchApplication(BaseTest.java:63)
at jdk.internal.reflect.GeneratedMethodAccessor4.invoke(Unknown Source)
at java.base/jdk.internal.reflect.DelegatingMethodAccessorImpl.invoke(DelegatingMethodAccessorImpl.java:43)
at java.base/java.lang.reflect.Method.invoke(Method.java:567)
at org.testng.internal.invokers.MethodInvocationHelper.invokeMethod(MethodInvocationHelper.java:139)
at org.testng.internal.invokers.MethodInvocationHelper.invokeMethodConsideringTimeout(MethodInvocationHelper.java:69)
at org.testng.internal.invokers.ConfigInvoker.invokeConfigurationMethod(ConfigInvoker.java:361)
at org.testng.internal.invokers.ConfigInvoker.invokeConfigurations(ConfigInvoker.java:296)
at org.testng.internal.invokers.TestInvoker.runConfigMethods(TestInvoker.java:816)
at org.testng.internal.invokers.TestInvoker.invokeMethod(TestInvoker.java:590)
at org.testng.internal.invokers.TestInvoker.invokeTestMethod(TestInvoker.java:221)
at org.testng.internal.invokers.MethodRunner.runInSequence(MethodRunner.java:50)
at org.testng.internal.invokers.TestInvoker$MethodInvocationAgent.invoke(TestInvoker.java:962)
at org.testng.internal.invokers.TestInvoker.invokeTestMethods(TestInvoker.java:194)
at org.testng.internal.invokers.TestMethodWorker.invokeTestMethods(TestMethodWorker.java:148)
at org.testng.internal.invokers.TestMethodWorker.run(TestMethodWorker.java:128)
at java.base/java.util.ArrayList.forEach(ArrayList.java:1511)
at org.testng.TestRunner.privateRun(TestRunner.java:806)
at org.testng.TestRunner.run(TestRunner.java:601)
at org.testng.SuiteRunner.runTest(SuiteRunner.java:433)
at org.testng.SuiteRunner.runSequentially(SuiteRunner.java:427)
at org.testng.SuiteRunner.privateRun(SuiteRunner.java:387)
at org.testng.SuiteRunner.run(SuiteRunner.java:330)
at org.testng.SuiteRunnerWorker.runSuite(SuiteRunnerWorker.java:52)
at org.testng.SuiteRunnerWorker.run(SuiteRunnerWorker.java:95)
at org.testng.TestNG.runSuitesSequentially(TestNG.java:1256)
at org.testng.TestNG.runSuitesLocally(TestNG.java:1176)
at org.testng.TestNG.runSuites(TestNG.java:1099)
at org.testng.TestNG.run(TestNG.java:1067)
at org.testng.remote.AbstractRemoteTestNG.run(AbstractRemoteTestNG.java:115)
at org.testng.remote.RemoteTestNG.initAndRun(RemoteTestNG.java:251)
at org.testng.remote.RemoteTestNG.main(RemoteTestNG.java:77)
]]>
            </full-stacktrace>
          </exception> <!-- org.openqa.selenium.TimeoutException -->
          <reporter-output>
          </reporter-output>
        </test-method> <!-- VerifyformOfBedGroup -->
        <test-method is-config="true" signature="tearDown()[pri:0, instance:com.Kareclouds.TestPages.BedGroupTest@7ca20101]" started-at="2022-12-16T11:16:39 IST" name="tearDown" finished-at="2022-12-16T11:16:43 IST" duration-ms="4075" status="PASS">
          <reporter-output>
          </reporter-output>
        </test-method> <!-- tearDown -->
      </class> <!-- com.Kareclouds.TestPages.BedGroupTest -->
      <class name="com.Kareclouds.TestPages.HospitalChargesTest">
        <test-method is-config="true" signature="launchApplication(org.testng.ITestContext)[pri:0, instance:com.Kareclouds.TestPages.HospitalChargesTest@24111ef1]" started-at="2022-12-16T11:07:16 IST" name="launchApplication" finished-at="2022-12-16T11:07:29 IST" duration-ms="13827" status="PASS">
          <params>
            <param index="0">
              <value>
                <![CDATA[org.testng.TestRunner@7c81b1e1]]>
              </value>
            </param>
          </params>
          <reporter-output>
          </reporter-output>
        </test-method> <!-- launchApplication -->
        <test-method signature="verifyChargeCategoryLink()[pri:0, instance:com.Kareclouds.TestPages.HospitalChargesTest@24111ef1]" started-at="2022-12-16T11:07:29 IST" name="verifyChargeCategoryLink" finished-at="2022-12-16T11:07:50 IST" duration-ms="20294" status="FAIL">
          <exception class="org.openqa.selenium.TimeoutException">
            <message>
              <![CDATA[timeout: Timed out receiving message from renderer: 20.000
  (Session info: chrome=108.0.5359.124)
Build info: version: '4.6.0', revision: '79f1c02ae20'
System info: os.name: 'Windows 8.1', os.arch: 'amd64', os.version: '6.3', java.version: '16.0.1'
Driver info: org.openqa.selenium.chrome.ChromeDriver
Command: [4bdce01b107bf75851f001f828cceb5d, clickElement {id=997efd2a-b7e3-4f7b-b328-749bfd6e8fab}]
Capabilities {acceptInsecureCerts: false, browserName: chrome, browserVersion: 108.0.5359.124, chrome: {chromedriverVersion: 108.0.5359.71 (1e0e3868ee06..., userDataDir: C:\Users\PRASAN~1\AppData\L...}, goog:chromeOptions: {debuggerAddress: localhost:65353}, networkConnectionEnabled: false, pageLoadStrategy: normal, platformName: WINDOWS, proxy: Proxy(), se:cdp: ws://localhost:65353/devtoo..., se:cdpVersion: 108.0.5359.124, setWindowRect: true, strictFileInteractability: false, timeouts: {implicit: 0, pageLoad: 300000, script: 30000}, unhandledPromptBehavior: dismiss and notify, webauthn:extension:credBlob: true, webauthn:extension:largeBlob: true, webauthn:virtualAuthenticators: true}
Element: [[ChromeDriver: chrome on WINDOWS (4bdce01b107bf75851f001f828cceb5d)] -> xpath: //button[@type='submit' and @class='btn']]
Session ID: 4bdce01b107bf75851f001f828cceb5d]]>
            </message>
            <full-stacktrace>
              <![CDATA[org.openqa.selenium.TimeoutException: timeout: Timed out receiving message from renderer: 20.000
  (Session info: chrome=108.0.5359.124)
Build info: version: '4.6.0', revision: '79f1c02ae20'
System info: os.name: 'Windows 8.1', os.arch: 'amd64', os.version: '6.3', java.version: '16.0.1'
Driver info: org.openqa.selenium.chrome.ChromeDriver
Command: [4bdce01b107bf75851f001f828cceb5d, clickElement {id=997efd2a-b7e3-4f7b-b328-749bfd6e8fab}]
Capabilities {acceptInsecureCerts: false, browserName: chrome, browserVersion: 108.0.5359.124, chrome: {chromedriverVersion: 108.0.5359.71 (1e0e3868ee06..., userDataDir: C:\Users\PRASAN~1\AppData\L...}, goog:chromeOptions: {debuggerAddress: localhost:65353}, networkConnectionEnabled: false, pageLoadStrategy: normal, platformName: WINDOWS, proxy: Proxy(), se:cdp: ws://localhost:65353/devtoo..., se:cdpVersion: 108.0.5359.124, setWindowRect: true, strictFileInteractability: false, timeouts: {implicit: 0, pageLoad: 300000, script: 30000}, unhandledPromptBehavior: dismiss and notify, webauthn:extension:credBlob: true, webauthn:extension:largeBlob: true, webauthn:virtualAuthenticators: true}
Element: [[ChromeDriver: chrome on WINDOWS (4bdce01b107bf75851f001f828cceb5d)] -> xpath: //button[@type='submit' and @class='btn']]
Session ID: 4bdce01b107bf75851f001f828cceb5d
at java.base/jdk.internal.reflect.NativeConstructorAccessorImpl.newInstance0(Native Method)
at java.base/jdk.internal.reflect.NativeConstructorAccessorImpl.newInstance(NativeConstructorAccessorImpl.java:78)
at java.base/jdk.internal.reflect.DelegatingConstructorAccessorImpl.newInstance(DelegatingConstructorAccessorImpl.java:45)
at java.base/java.lang.reflect.Constructor.newInstanceWithCaller(Constructor.java:499)
at java.base/java.lang.reflect.Constructor.newInstance(Constructor.java:480)
at org.openqa.selenium.remote.codec.w3c.W3CHttpResponseCodec.createException(W3CHttpResponseCodec.java:200)
at org.openqa.selenium.remote.codec.w3c.W3CHttpResponseCodec.decode(W3CHttpResponseCodec.java:133)
at org.openqa.selenium.remote.codec.w3c.W3CHttpResponseCodec.decode(W3CHttpResponseCodec.java:53)
at org.openqa.selenium.remote.HttpCommandExecutor.execute(HttpCommandExecutor.java:184)
at org.openqa.selenium.remote.service.DriverCommandExecutor.invokeExecute(DriverCommandExecutor.java:167)
at org.openqa.selenium.remote.service.DriverCommandExecutor.execute(DriverCommandExecutor.java:142)
at org.openqa.selenium.remote.RemoteWebDriver.execute(RemoteWebDriver.java:541)
at org.openqa.selenium.remote.RemoteWebElement.execute(RemoteWebElement.java:257)
at org.openqa.selenium.remote.RemoteWebElement.click(RemoteWebElement.java:78)
at jdk.internal.reflect.GeneratedMethodAccessor3.invoke(Unknown Source)
at java.base/jdk.internal.reflect.DelegatingMethodAccessorImpl.invoke(DelegatingMethodAccessorImpl.java:43)
at java.base/java.lang.reflect.Method.invoke(Method.java:567)
at org.openqa.selenium.support.pagefactory.internal.LocatingElementHandler.invoke(LocatingElementHandler.java:52)
at jdk.proxy2/jdk.proxy2.$Proxy33.click(Unknown Source)
at com.Kareclouds.Pages.LoginPage.loginWithValidCredentials(LoginPage.java:47)
at com.Kareclouds.TestPages.HospitalChargesTest.verifyChargeCategoryLink(HospitalChargesTest.java:36)
at java.base/jdk.internal.reflect.NativeMethodAccessorImpl.invoke0(Native Method)
at java.base/jdk.internal.reflect.NativeMethodAccessorImpl.invoke(NativeMethodAccessorImpl.java:78)
at java.base/jdk.internal.reflect.DelegatingMethodAccessorImpl.invoke(DelegatingMethodAccessorImpl.java:43)
at java.base/java.lang.reflect.Method.invoke(Method.java:567)
at org.testng.internal.invokers.MethodInvocationHelper.invokeMethod(MethodInvocationHelper.java:139)
at org.testng.internal.invokers.TestInvoker.invokeMethod(TestInvoker.java:677)
at org.testng.internal.invokers.TestInvoker.invokeTestMethod(TestInvoker.java:221)
at org.testng.internal.invokers.MethodRunner.runInSequence(MethodRunner.java:50)
at org.testng.internal.invokers.TestInvoker$MethodInvocationAgent.invoke(TestInvoker.java:962)
at org.testng.internal.invokers.TestInvoker.invokeTestMethods(TestInvoker.java:194)
at org.testng.internal.invokers.TestMethodWorker.invokeTestMethods(TestMethodWorker.java:148)
at org.testng.internal.invokers.TestMethodWorker.run(TestMethodWorker.java:128)
at java.base/java.util.ArrayList.forEach(ArrayList.java:1511)
at org.testng.TestRunner.privateRun(TestRunner.java:806)
at org.testng.TestRunner.run(TestRunner.java:601)
at org.testng.SuiteRunner.runTest(SuiteRunner.java:433)
at org.testng.SuiteRunner.runSequentially(SuiteRunner.java:427)
at org.testng.SuiteRunner.privateRun(SuiteRunner.java:387)
at org.testng.SuiteRunner.run(SuiteRunner.java:330)
at org.testng.SuiteRunnerWorker.runSuite(SuiteRunnerWorker.java:52)
at org.testng.SuiteRunnerWorker.run(SuiteRunnerWorker.java:95)
at org.testng.TestNG.runSuitesSequentially(TestNG.java:1256)
at org.testng.TestNG.runSuitesLocally(TestNG.java:1176)
at org.testng.TestNG.runSuites(TestNG.java:1099)
at org.testng.TestNG.run(TestNG.java:1067)
at org.testng.remote.AbstractRemoteTestNG.run(AbstractRemoteTestNG.java:115)
at org.testng.remote.RemoteTestNG.initAndRun(RemoteTestNG.java:251)
at org.testng.remote.RemoteTestNG.main(RemoteTestNG.java:77)
]]>
            </full-stacktrace>
          </exception> <!-- org.openqa.selenium.TimeoutException -->
          <reporter-output>
          </reporter-output>
        </test-method> <!-- verifyChargeCategoryLink -->
        <test-method is-config="true" signature="tearDown()[pri:0, instance:com.Kareclouds.TestPages.HospitalChargesTest@24111ef1]" started-at="2022-12-16T11:07:50 IST" name="tearDown" finished-at="2022-12-16T11:07:54 IST" duration-ms="4275" status="PASS">
          <reporter-output>
          </reporter-output>
        </test-method> <!-- tearDown -->
        <test-method is-config="true" signature="launchApplication(org.testng.ITestContext)[pri:0, instance:com.Kareclouds.TestPages.HospitalChargesTest@24111ef1]" started-at="2022-12-16T11:07:54 IST" name="launchApplication" finished-at="2022-12-16T11:08:13 IST" duration-ms="19093" status="PASS">
          <params>
            <param index="0">
              <value>
                <![CDATA[org.testng.TestRunner@7c81b1e1]]>
              </value>
            </param>
          </params>
          <reporter-output>
          </reporter-output>
        </test-method> <!-- launchApplication -->
        <test-method signature="verifyChargeTypeLink()[pri:0, instance:com.Kareclouds.TestPages.HospitalChargesTest@24111ef1]" started-at="2022-12-16T11:08:13 IST" name="verifyChargeTypeLink" finished-at="2022-12-16T11:08:38 IST" duration-ms="24374" status="PASS">
          <reporter-output>
          </reporter-output>
        </test-method> <!-- verifyChargeTypeLink -->
        <test-method is-config="true" signature="tearDown()[pri:0, instance:com.Kareclouds.TestPages.HospitalChargesTest@24111ef1]" started-at="2022-12-16T11:08:38 IST" name="tearDown" finished-at="2022-12-16T11:08:42 IST" duration-ms="4619" status="PASS">
          <reporter-output>
          </reporter-output>
        </test-method> <!-- tearDown -->
        <test-method is-config="true" signature="launchApplication(org.testng.ITestContext)[pri:0, instance:com.Kareclouds.TestPages.HospitalChargesTest@24111ef1]" started-at="2022-12-16T11:08:42 IST" name="launchApplication" finished-at="2022-12-16T11:09:00 IST" duration-ms="17344" status="PASS">
          <params>
            <param index="0">
              <value>
                <![CDATA[org.testng.TestRunner@7c81b1e1]]>
              </value>
            </param>
          </params>
          <reporter-output>
          </reporter-output>
        </test-method> <!-- launchApplication -->
        <test-method signature="verifyDoctorOPDChargeLink()[pri:0, instance:com.Kareclouds.TestPages.HospitalChargesTest@24111ef1]" started-at="2022-12-16T11:09:00 IST" name="verifyDoctorOPDChargeLink" finished-at="2022-12-16T11:09:16 IST" duration-ms="16293" status="PASS">
          <reporter-output>
          </reporter-output>
        </test-method> <!-- verifyDoctorOPDChargeLink -->
        <test-method is-config="true" signature="tearDown()[pri:0, instance:com.Kareclouds.TestPages.HospitalChargesTest@24111ef1]" started-at="2022-12-16T11:09:16 IST" name="tearDown" finished-at="2022-12-16T11:09:16 IST" duration-ms="82" status="PASS">
          <reporter-output>
          </reporter-output>
        </test-method> <!-- tearDown -->
        <test-method is-config="true" signature="launchApplication(org.testng.ITestContext)[pri:0, instance:com.Kareclouds.TestPages.HospitalChargesTest@24111ef1]" started-at="2022-12-16T11:09:16 IST" name="launchApplication" finished-at="2022-12-16T11:09:23 IST" duration-ms="6557" status="PASS">
          <params>
            <param index="0">
              <value>
                <![CDATA[org.testng.TestRunner@7c81b1e1]]>
              </value>
            </param>
          </params>
          <reporter-output>
          </reporter-output>
        </test-method> <!-- launchApplication -->
        <test-method signature="verifyForrmdetaislWithError()[pri:0, instance:com.Kareclouds.TestPages.HospitalChargesTest@24111ef1]" started-at="2022-12-16T11:09:23 IST" name="verifyForrmdetaislWithError" finished-at="2022-12-16T11:09:35 IST" duration-ms="12229" status="FAIL">
          <exception class="org.openqa.selenium.ElementNotInteractableException">
            <message>
              <![CDATA[element not interactable: Element is not currently visible and may not be manipulated
  (Session info: chrome=108.0.5359.124)
Build info: version: '4.6.0', revision: '79f1c02ae20'
System info: os.name: 'Windows 8.1', os.arch: 'amd64', os.version: '6.3', java.version: '16.0.1'
Driver info: org.openqa.selenium.chrome.ChromeDriver
Command: [09e99a0331b1831f127b33047ebb3682, clickElement {id=360842c8-f265-4806-9f2d-f864a6e99df8}]
Capabilities {acceptInsecureCerts: false, browserName: chrome, browserVersion: 108.0.5359.124, chrome: {chromedriverVersion: 108.0.5359.71 (1e0e3868ee06..., userDataDir: C:\Users\PRASAN~1\AppData\L...}, goog:chromeOptions: {debuggerAddress: localhost:65502}, networkConnectionEnabled: false, pageLoadStrategy: normal, platformName: WINDOWS, proxy: Proxy(), se:cdp: ws://localhost:65502/devtoo..., se:cdpVersion: 108.0.5359.124, setWindowRect: true, strictFileInteractability: false, timeouts: {implicit: 0, pageLoad: 300000, script: 30000}, unhandledPromptBehavior: dismiss and notify, webauthn:extension:credBlob: true, webauthn:extension:largeBlob: true, webauthn:virtualAuthenticators: true}
Element: [[[[ChromeDriver: chrome on WINDOWS (09e99a0331b1831f127b33047ebb3682)] -> xpath: //form[@id='formadd']/div[@class='row']//div[@class='form-group']/select[@name='charge_type']]] -> xpath: .//option[@value = "Investigations"]]
Session ID: 09e99a0331b1831f127b33047ebb3682]]>
            </message>
            <full-stacktrace>
              <![CDATA[org.openqa.selenium.ElementNotInteractableException: element not interactable: Element is not currently visible and may not be manipulated
  (Session info: chrome=108.0.5359.124)
Build info: version: '4.6.0', revision: '79f1c02ae20'
System info: os.name: 'Windows 8.1', os.arch: 'amd64', os.version: '6.3', java.version: '16.0.1'
Driver info: org.openqa.selenium.chrome.ChromeDriver
Command: [09e99a0331b1831f127b33047ebb3682, clickElement {id=360842c8-f265-4806-9f2d-f864a6e99df8}]
Capabilities {acceptInsecureCerts: false, browserName: chrome, browserVersion: 108.0.5359.124, chrome: {chromedriverVersion: 108.0.5359.71 (1e0e3868ee06..., userDataDir: C:\Users\PRASAN~1\AppData\L...}, goog:chromeOptions: {debuggerAddress: localhost:65502}, networkConnectionEnabled: false, pageLoadStrategy: normal, platformName: WINDOWS, proxy: Proxy(), se:cdp: ws://localhost:65502/devtoo..., se:cdpVersion: 108.0.5359.124, setWindowRect: true, strictFileInteractability: false, timeouts: {implicit: 0, pageLoad: 300000, script: 30000}, unhandledPromptBehavior: dismiss and notify, webauthn:extension:credBlob: true, webauthn:extension:largeBlob: true, webauthn:virtualAuthenticators: true}
Element: [[[[ChromeDriver: chrome on WINDOWS (09e99a0331b1831f127b33047ebb3682)] -> xpath: //form[@id='formadd']/div[@class='row']//div[@class='form-group']/select[@name='charge_type']]] -> xpath: .//option[@value = "Investigations"]]
Session ID: 09e99a0331b1831f127b33047ebb3682
at java.base/jdk.internal.reflect.NativeConstructorAccessorImpl.newInstance0(Native Method)
at java.base/jdk.internal.reflect.NativeConstructorAccessorImpl.newInstance(NativeConstructorAccessorImpl.java:78)
at java.base/jdk.internal.reflect.DelegatingConstructorAccessorImpl.newInstance(DelegatingConstructorAccessorImpl.java:45)
at java.base/java.lang.reflect.Constructor.newInstanceWithCaller(Constructor.java:499)
at java.base/java.lang.reflect.Constructor.newInstance(Constructor.java:480)
at org.openqa.selenium.remote.codec.w3c.W3CHttpResponseCodec.createException(W3CHttpResponseCodec.java:200)
at org.openqa.selenium.remote.codec.w3c.W3CHttpResponseCodec.decode(W3CHttpResponseCodec.java:133)
at org.openqa.selenium.remote.codec.w3c.W3CHttpResponseCodec.decode(W3CHttpResponseCodec.java:53)
at org.openqa.selenium.remote.HttpCommandExecutor.execute(HttpCommandExecutor.java:184)
at org.openqa.selenium.remote.service.DriverCommandExecutor.invokeExecute(DriverCommandExecutor.java:167)
at org.openqa.selenium.remote.service.DriverCommandExecutor.execute(DriverCommandExecutor.java:142)
at org.openqa.selenium.remote.RemoteWebDriver.execute(RemoteWebDriver.java:541)
at org.openqa.selenium.remote.RemoteWebElement.execute(RemoteWebElement.java:257)
at org.openqa.selenium.remote.RemoteWebElement.click(RemoteWebElement.java:78)
at org.openqa.selenium.support.ui.Select.setSelected(Select.java:320)
at org.openqa.selenium.support.ui.Select.selectByValue(Select.java:195)
at com.Kareclouds.Pages.GenericPage.selectClass(GenericPage.java:47)
at com.Kareclouds.Pages.HospitalChargesPage.addChargeFormDetailsWithError(HospitalChargesPage.java:71)
at com.Kareclouds.TestPages.HospitalChargesTest.verifyForrmdetaislWithError(HospitalChargesTest.java:23)
at java.base/jdk.internal.reflect.NativeMethodAccessorImpl.invoke0(Native Method)
at java.base/jdk.internal.reflect.NativeMethodAccessorImpl.invoke(NativeMethodAccessorImpl.java:78)
at java.base/jdk.internal.reflect.DelegatingMethodAccessorImpl.invoke(DelegatingMethodAccessorImpl.java:43)
at java.base/java.lang.reflect.Method.invoke(Method.java:567)
at org.testng.internal.invokers.MethodInvocationHelper.invokeMethod(MethodInvocationHelper.java:139)
at org.testng.internal.invokers.TestInvoker.invokeMethod(TestInvoker.java:677)
at org.testng.internal.invokers.TestInvoker.invokeTestMethod(TestInvoker.java:221)
at org.testng.internal.invokers.MethodRunner.runInSequence(MethodRunner.java:50)
at org.testng.internal.invokers.TestInvoker$MethodInvocationAgent.invoke(TestInvoker.java:962)
at org.testng.internal.invokers.TestInvoker.invokeTestMethods(TestInvoker.java:194)
at org.testng.internal.invokers.TestMethodWorker.invokeTestMethods(TestMethodWorker.java:148)
at org.testng.internal.invokers.TestMethodWorker.run(TestMethodWorker.java:128)
at java.base/java.util.ArrayList.forEach(ArrayList.java:1511)
at org.testng.TestRunner.privateRun(TestRunner.java:806)
at org.testng.TestRunner.run(TestRunner.java:601)
at org.testng.SuiteRunner.runTest(SuiteRunner.java:433)
at org.testng.SuiteRunner.runSequentially(SuiteRunner.java:427)
at org.testng.SuiteRunner.privateRun(SuiteRunner.java:387)
at org.testng.SuiteRunner.run(SuiteRunner.java:330)
at org.testng.SuiteRunnerWorker.runSuite(SuiteRunnerWorker.java:52)
at org.testng.SuiteRunnerWorker.run(SuiteRunnerWorker.java:95)
at org.testng.TestNG.runSuitesSequentially(TestNG.java:1256)
at org.testng.TestNG.runSuitesLocally(TestNG.java:1176)
at org.testng.TestNG.runSuites(TestNG.java:1099)
at org.testng.TestNG.run(TestNG.java:1067)
at org.testng.remote.AbstractRemoteTestNG.run(AbstractRemoteTestNG.java:115)
at org.testng.remote.RemoteTestNG.initAndRun(RemoteTestNG.java:251)
at org.testng.remote.RemoteTestNG.main(RemoteTestNG.java:77)
]]>
            </full-stacktrace>
          </exception> <!-- org.openqa.selenium.ElementNotInteractableException -->
          <reporter-output>
          </reporter-output>
        </test-method> <!-- verifyForrmdetaislWithError -->
        <test-method is-config="true" signature="tearDown()[pri:0, instance:com.Kareclouds.TestPages.HospitalChargesTest@24111ef1]" started-at="2022-12-16T11:09:36 IST" name="tearDown" finished-at="2022-12-16T11:09:36 IST" duration-ms="197" status="PASS">
          <reporter-output>
          </reporter-output>
        </test-method> <!-- tearDown -->
        <test-method is-config="true" signature="launchApplication(org.testng.ITestContext)[pri:0, instance:com.Kareclouds.TestPages.HospitalChargesTest@24111ef1]" started-at="2022-12-16T11:09:36 IST" name="launchApplication" finished-at="2022-12-16T11:09:42 IST" duration-ms="6205" status="PASS">
          <params>
            <param index="0">
              <value>
                <![CDATA[org.testng.TestRunner@7c81b1e1]]>
              </value>
            </param>
          </params>
          <reporter-output>
          </reporter-output>
        </test-method> <!-- launchApplication -->
        <test-method signature="verifyTableData()[pri:0, instance:com.Kareclouds.TestPages.HospitalChargesTest@24111ef1]" started-at="2022-12-16T11:09:42 IST" name="verifyTableData" finished-at="2022-12-16T11:09:54 IST" duration-ms="11953" status="PASS">
          <reporter-output>
          </reporter-output>
        </test-method> <!-- verifyTableData -->
        <test-method is-config="true" signature="tearDown()[pri:0, instance:com.Kareclouds.TestPages.HospitalChargesTest@24111ef1]" started-at="2022-12-16T11:09:54 IST" name="tearDown" finished-at="2022-12-16T11:09:58 IST" duration-ms="4065" status="PASS">
          <reporter-output>
          </reporter-output>
        </test-method> <!-- tearDown -->
      </class> <!-- com.Kareclouds.TestPages.HospitalChargesTest -->
      <class name="com.Kareclouds.TestPages.MainBedTest">
        <test-method is-config="true" signature="launchApplication(org.testng.ITestContext)[pri:0, instance:com.Kareclouds.TestPages.MainBedTest@71812481]" started-at="2022-12-16T11:12:28 IST" name="launchApplication" finished-at="2022-12-16T11:12:35 IST" duration-ms="7461" status="PASS">
          <params>
            <param index="0">
              <value>
                <![CDATA[org.testng.TestRunner@7c81b1e1]]>
              </value>
            </param>
          </params>
          <reporter-output>
          </reporter-output>
        </test-method> <!-- launchApplication -->
        <test-method signature="VerifyBedGroupLink()[pri:0, instance:com.Kareclouds.TestPages.MainBedTest@71812481]" started-at="2022-12-16T11:12:35 IST" name="VerifyBedGroupLink" finished-at="2022-12-16T11:12:49 IST" duration-ms="13947" status="PASS">
          <reporter-output>
          </reporter-output>
        </test-method> <!-- VerifyBedGroupLink -->
        <test-method is-config="true" signature="tearDown()[pri:0, instance:com.Kareclouds.TestPages.MainBedTest@71812481]" started-at="2022-12-16T11:12:49 IST" name="tearDown" finished-at="2022-12-16T11:12:53 IST" duration-ms="4079" status="PASS">
          <reporter-output>
          </reporter-output>
        </test-method> <!-- tearDown -->
        <test-method is-config="true" signature="launchApplication(org.testng.ITestContext)[pri:0, instance:com.Kareclouds.TestPages.MainBedTest@71812481]" started-at="2022-12-16T11:12:53 IST" name="launchApplication" finished-at="2022-12-16T11:13:03 IST" duration-ms="9686" status="PASS">
          <params>
            <param index="0">
              <value>
                <![CDATA[org.testng.TestRunner@7c81b1e1]]>
              </value>
            </param>
          </params>
          <reporter-output>
          </reporter-output>
        </test-method> <!-- launchApplication -->
        <test-method signature="VerifyBedLink()[pri:0, instance:com.Kareclouds.TestPages.MainBedTest@71812481]" started-at="2022-12-16T11:13:03 IST" name="VerifyBedLink" finished-at="2022-12-16T11:13:16 IST" duration-ms="13161" status="PASS">
          <reporter-output>
          </reporter-output>
        </test-method> <!-- VerifyBedLink -->
        <test-method is-config="true" signature="tearDown()[pri:0, instance:com.Kareclouds.TestPages.MainBedTest@71812481]" started-at="2022-12-16T11:13:16 IST" name="tearDown" finished-at="2022-12-16T11:13:20 IST" duration-ms="4064" status="PASS">
          <reporter-output>
          </reporter-output>
        </test-method> <!-- tearDown -->
        <test-method is-config="true" signature="launchApplication(org.testng.ITestContext)[pri:0, instance:com.Kareclouds.TestPages.MainBedTest@71812481]" started-at="2022-12-16T11:13:20 IST" name="launchApplication" finished-at="2022-12-16T11:13:27 IST" duration-ms="7039" status="PASS">
          <params>
            <param index="0">
              <value>
                <![CDATA[org.testng.TestRunner@7c81b1e1]]>
              </value>
            </param>
          </params>
          <reporter-output>
          </reporter-output>
        </test-method> <!-- launchApplication -->
        <test-method signature="VerifyBedTypeLink()[pri:0, instance:com.Kareclouds.TestPages.MainBedTest@71812481]" started-at="2022-12-16T11:13:27 IST" name="VerifyBedTypeLink" finished-at="2022-12-16T11:13:41 IST" duration-ms="13756" status="PASS">
          <reporter-output>
          </reporter-output>
        </test-method> <!-- VerifyBedTypeLink -->
        <test-method is-config="true" signature="tearDown()[pri:0, instance:com.Kareclouds.TestPages.MainBedTest@71812481]" started-at="2022-12-16T11:13:41 IST" name="tearDown" finished-at="2022-12-16T11:13:45 IST" duration-ms="4058" status="PASS">
          <reporter-output>
          </reporter-output>
        </test-method> <!-- tearDown -->
        <test-method is-config="true" signature="launchApplication(org.testng.ITestContext)[pri:0, instance:com.Kareclouds.TestPages.MainBedTest@71812481]" started-at="2022-12-16T11:13:45 IST" name="launchApplication" finished-at="2022-12-16T11:13:55 IST" duration-ms="9538" status="PASS">
          <params>
            <param index="0">
              <value>
                <![CDATA[org.testng.TestRunner@7c81b1e1]]>
              </value>
            </param>
          </params>
          <reporter-output>
          </reporter-output>
        </test-method> <!-- launchApplication -->
        <test-method signature="VerifyFloorLink()[pri:0, instance:com.Kareclouds.TestPages.MainBedTest@71812481]" started-at="2022-12-16T11:13:55 IST" name="VerifyFloorLink" finished-at="2022-12-16T11:14:08 IST" duration-ms="13116" status="PASS">
          <reporter-output>
          </reporter-output>
        </test-method> <!-- VerifyFloorLink -->
        <test-method is-config="true" signature="tearDown()[pri:0, instance:com.Kareclouds.TestPages.MainBedTest@71812481]" started-at="2022-12-16T11:14:08 IST" name="tearDown" finished-at="2022-12-16T11:14:12 IST" duration-ms="4069" status="PASS">
          <reporter-output>
          </reporter-output>
        </test-method> <!-- tearDown -->
      </class> <!-- com.Kareclouds.TestPages.MainBedTest -->
      <class name="com.Kareclouds.TestPages.LoginPageTest">
        <test-method is-config="true" signature="launchApplication(org.testng.ITestContext)[pri:0, instance:com.Kareclouds.TestPages.LoginPageTest@53fd0d10]" started-at="2022-12-16T10:58:04 IST" name="launchApplication" finished-at="2022-12-16T10:58:10 IST" duration-ms="5491" status="PASS">
          <params>
            <param index="0">
              <value>
                <![CDATA[org.testng.TestRunner@7c81b1e1]]>
              </value>
            </param>
          </params>
          <reporter-output>
          </reporter-output>
        </test-method> <!-- launchApplication -->
        <test-method signature="VerifyLoginFunction()[pri:0, instance:com.Kareclouds.TestPages.LoginPageTest@53fd0d10]" started-at="2022-12-16T10:58:10 IST" name="VerifyLoginFunction" finished-at="2022-12-16T10:58:28 IST" duration-ms="17962" status="PASS">
          <reporter-output>
          </reporter-output>
        </test-method> <!-- VerifyLoginFunction -->
        <test-method is-config="true" signature="tearDown()[pri:0, instance:com.Kareclouds.TestPages.LoginPageTest@53fd0d10]" started-at="2022-12-16T10:58:28 IST" name="tearDown" finished-at="2022-12-16T10:58:32 IST" duration-ms="4065" status="PASS">
          <reporter-output>
          </reporter-output>
        </test-method> <!-- tearDown -->
        <test-method is-config="true" signature="launchApplication(org.testng.ITestContext)[pri:0, instance:com.Kareclouds.TestPages.LoginPageTest@53fd0d10]" started-at="2022-12-16T10:58:32 IST" name="launchApplication" finished-at="2022-12-16T10:58:37 IST" duration-ms="5697" status="PASS">
          <params>
            <param index="0">
              <value>
                <![CDATA[org.testng.TestRunner@7c81b1e1]]>
              </value>
            </param>
          </params>
          <reporter-output>
          </reporter-output>
        </test-method> <!-- launchApplication -->
        <test-method signature="verifyEmptyPasswordFiled()[pri:0, instance:com.Kareclouds.TestPages.LoginPageTest@53fd0d10]" started-at="2022-12-16T10:58:37 IST" name="verifyEmptyPasswordFiled" finished-at="2022-12-16T10:58:38 IST" duration-ms="835" status="PASS">
          <reporter-output>
          </reporter-output>
        </test-method> <!-- verifyEmptyPasswordFiled -->
        <test-method is-config="true" signature="tearDown()[pri:0, instance:com.Kareclouds.TestPages.LoginPageTest@53fd0d10]" started-at="2022-12-16T10:58:38 IST" name="tearDown" finished-at="2022-12-16T10:58:39 IST" duration-ms="348" status="PASS">
          <reporter-output>
          </reporter-output>
        </test-method> <!-- tearDown -->
        <test-method is-config="true" signature="launchApplication(org.testng.ITestContext)[pri:0, instance:com.Kareclouds.TestPages.LoginPageTest@53fd0d10]" started-at="2022-12-16T10:58:39 IST" name="launchApplication" finished-at="2022-12-16T10:58:45 IST" duration-ms="5972" status="PASS">
          <params>
            <param index="0">
              <value>
                <![CDATA[org.testng.TestRunner@7c81b1e1]]>
              </value>
            </param>
          </params>
          <reporter-output>
          </reporter-output>
        </test-method> <!-- launchApplication -->
        <test-method signature="verifyEmptyUserNameField()[pri:0, instance:com.Kareclouds.TestPages.LoginPageTest@53fd0d10]" started-at="2022-12-16T10:58:45 IST" name="verifyEmptyUserNameField" finished-at="2022-12-16T10:58:45 IST" duration-ms="833" status="PASS">
          <reporter-output>
          </reporter-output>
        </test-method> <!-- verifyEmptyUserNameField -->
        <test-method is-config="true" signature="tearDown()[pri:0, instance:com.Kareclouds.TestPages.LoginPageTest@53fd0d10]" started-at="2022-12-16T10:58:45 IST" name="tearDown" finished-at="2022-12-16T10:58:50 IST" duration-ms="4069" status="PASS">
          <reporter-output>
          </reporter-output>
        </test-method> <!-- tearDown -->
        <test-method is-config="true" signature="launchApplication(org.testng.ITestContext)[pri:0, instance:com.Kareclouds.TestPages.LoginPageTest@53fd0d10]" started-at="2022-12-16T10:58:50 IST" name="launchApplication" finished-at="2022-12-16T10:58:55 IST" duration-ms="5848" status="PASS">
          <params>
            <param index="0">
              <value>
                <![CDATA[org.testng.TestRunner@7c81b1e1]]>
              </value>
            </param>
          </params>
          <reporter-output>
          </reporter-output>
        </test-method> <!-- launchApplication -->
        <test-method signature="verifyForgotBtnfunction()[pri:0, instance:com.Kareclouds.TestPages.LoginPageTest@53fd0d10]" started-at="2022-12-16T10:58:55 IST" name="verifyForgotBtnfunction" finished-at="2022-12-16T10:58:56 IST" duration-ms="857" status="PASS">
          <reporter-output>
          </reporter-output>
        </test-method> <!-- verifyForgotBtnfunction -->
        <test-method is-config="true" signature="tearDown()[pri:0, instance:com.Kareclouds.TestPages.LoginPageTest@53fd0d10]" started-at="2022-12-16T10:58:56 IST" name="tearDown" finished-at="2022-12-16T10:58:56 IST" duration-ms="90" status="PASS">
          <reporter-output>
          </reporter-output>
        </test-method> <!-- tearDown -->
        <test-method is-config="true" signature="launchApplication(org.testng.ITestContext)[pri:0, instance:com.Kareclouds.TestPages.LoginPageTest@53fd0d10]" started-at="2022-12-16T10:58:56 IST" name="launchApplication" finished-at="2022-12-16T10:59:03 IST" duration-ms="6662" status="PASS">
          <params>
            <param index="0">
              <value>
                <![CDATA[org.testng.TestRunner@7c81b1e1]]>
              </value>
            </param>
          </params>
          <reporter-output>
          </reporter-output>
        </test-method> <!-- launchApplication -->
        <test-method signature="verifyloginWithInavalidCredentials()[pri:0, instance:com.Kareclouds.TestPages.LoginPageTest@53fd0d10]" started-at="2022-12-16T10:59:03 IST" name="verifyloginWithInavalidCredentials" finished-at="2022-12-16T10:59:04 IST" duration-ms="697" status="PASS">
          <reporter-output>
          </reporter-output>
        </test-method> <!-- verifyloginWithInavalidCredentials -->
        <test-method is-config="true" signature="tearDown()[pri:0, instance:com.Kareclouds.TestPages.LoginPageTest@53fd0d10]" started-at="2022-12-16T10:59:04 IST" name="tearDown" finished-at="2022-12-16T10:59:04 IST" duration-ms="304" status="PASS">
          <reporter-output>
          </reporter-output>
        </test-method> <!-- tearDown -->
      </class> <!-- com.Kareclouds.TestPages.LoginPageTest -->
      <class name="com.Kareclouds.TestPages.ChargeTypeTest">
        <test-method is-config="true" signature="launchApplication(org.testng.ITestContext)[pri:0, instance:com.Kareclouds.TestPages.ChargeTypeTest@5dcb4f5f]" started-at="2022-12-16T11:11:28 IST" name="launchApplication" finished-at="2022-12-16T11:11:35 IST" duration-ms="7108" status="PASS">
          <params>
            <param index="0">
              <value>
                <![CDATA[org.testng.TestRunner@7c81b1e1]]>
              </value>
            </param>
          </params>
          <reporter-output>
          </reporter-output>
        </test-method> <!-- launchApplication -->
        <test-method signature="VerifySearchOptionOfCT()[pri:0, instance:com.Kareclouds.TestPages.ChargeTypeTest@5dcb4f5f]" started-at="2022-12-16T11:11:35 IST" name="VerifySearchOptionOfCT" finished-at="2022-12-16T11:11:51 IST" duration-ms="16071" status="PASS">
          <reporter-output>
          </reporter-output>
        </test-method> <!-- VerifySearchOptionOfCT -->
        <test-method is-config="true" signature="tearDown()[pri:0, instance:com.Kareclouds.TestPages.ChargeTypeTest@5dcb4f5f]" started-at="2022-12-16T11:11:51 IST" name="tearDown" finished-at="2022-12-16T11:12:05 IST" duration-ms="13677" status="PASS">
          <reporter-output>
          </reporter-output>
        </test-method> <!-- tearDown -->
        <test-method is-config="true" signature="launchApplication(org.testng.ITestContext)[pri:0, instance:com.Kareclouds.TestPages.ChargeTypeTest@5dcb4f5f]" started-at="2022-12-16T11:12:05 IST" name="launchApplication" finished-at="2022-12-16T11:12:12 IST" duration-ms="6647" status="PASS">
          <params>
            <param index="0">
              <value>
                <![CDATA[org.testng.TestRunner@7c81b1e1]]>
              </value>
            </param>
          </params>
          <reporter-output>
          </reporter-output>
        </test-method> <!-- launchApplication -->
        <test-method signature="VerifyaddchargetypeForm()[pri:0, instance:com.Kareclouds.TestPages.ChargeTypeTest@5dcb4f5f]" started-at="2022-12-16T11:12:12 IST" name="VerifyaddchargetypeForm" finished-at="2022-12-16T11:12:26 IST" duration-ms="14698" status="PASS">
          <reporter-output>
          </reporter-output>
        </test-method> <!-- VerifyaddchargetypeForm -->
        <test-method is-config="true" signature="tearDown()[pri:0, instance:com.Kareclouds.TestPages.ChargeTypeTest@5dcb4f5f]" started-at="2022-12-16T11:12:26 IST" name="tearDown" finished-at="2022-12-16T11:12:28 IST" duration-ms="1456" status="PASS">
          <reporter-output>
          </reporter-output>
        </test-method> <!-- tearDown -->
      </class> <!-- com.Kareclouds.TestPages.ChargeTypeTest -->
      <class name="com.Kareclouds.TestPages.SourcesTest">
        <test-method is-config="true" signature="launchApplication(org.testng.ITestContext)[pri:0, instance:com.Kareclouds.TestPages.SourcesTest@561868a0]" started-at="2022-12-16T11:20:01 IST" name="launchApplication" finished-at="2022-12-16T11:20:24 IST" duration-ms="23169" status="FAIL">
          <params>
            <param index="0">
              <value>
                <![CDATA[org.testng.TestRunner@7c81b1e1]]>
              </value>
            </param>
          </params>
          <exception class="org.openqa.selenium.TimeoutException">
            <message>
              <![CDATA[timeout: Timed out receiving message from renderer: -0.000
  (Session info: chrome=108.0.5359.124)
Build info: version: '4.6.0', revision: '79f1c02ae20'
System info: os.name: 'Windows 8.1', os.arch: 'amd64', os.version: '6.3', java.version: '16.0.1'
Driver info: org.openqa.selenium.chrome.ChromeDriver
Command: [39bc7658dd0715a436dd395b38dde7de, get {url=http://kareclouds.com/site/login}]
Capabilities {acceptInsecureCerts: false, browserName: chrome, browserVersion: 108.0.5359.124, chrome: {chromedriverVersion: 108.0.5359.71 (1e0e3868ee06..., userDataDir: C:\Users\PRASAN~1\AppData\L...}, goog:chromeOptions: {debuggerAddress: localhost:49903}, networkConnectionEnabled: false, pageLoadStrategy: normal, platformName: WINDOWS, proxy: Proxy(), se:cdp: ws://localhost:49903/devtoo..., se:cdpVersion: 108.0.5359.124, setWindowRect: true, strictFileInteractability: false, timeouts: {implicit: 0, pageLoad: 300000, script: 30000}, unhandledPromptBehavior: dismiss and notify, webauthn:extension:credBlob: true, webauthn:extension:largeBlob: true, webauthn:virtualAuthenticators: true}
Session ID: 39bc7658dd0715a436dd395b38dde7de]]>
            </message>
            <full-stacktrace>
              <![CDATA[org.openqa.selenium.TimeoutException: timeout: Timed out receiving message from renderer: -0.000
  (Session info: chrome=108.0.5359.124)
Build info: version: '4.6.0', revision: '79f1c02ae20'
System info: os.name: 'Windows 8.1', os.arch: 'amd64', os.version: '6.3', java.version: '16.0.1'
Driver info: org.openqa.selenium.chrome.ChromeDriver
Command: [39bc7658dd0715a436dd395b38dde7de, get {url=http://kareclouds.com/site/login}]
Capabilities {acceptInsecureCerts: false, browserName: chrome, browserVersion: 108.0.5359.124, chrome: {chromedriverVersion: 108.0.5359.71 (1e0e3868ee06..., userDataDir: C:\Users\PRASAN~1\AppData\L...}, goog:chromeOptions: {debuggerAddress: localhost:49903}, networkConnectionEnabled: false, pageLoadStrategy: normal, platformName: WINDOWS, proxy: Proxy(), se:cdp: ws://localhost:49903/devtoo..., se:cdpVersion: 108.0.5359.124, setWindowRect: true, strictFileInteractability: false, timeouts: {implicit: 0, pageLoad: 300000, script: 30000}, unhandledPromptBehavior: dismiss and notify, webauthn:extension:credBlob: true, webauthn:extension:largeBlob: true, webauthn:virtualAuthenticators: true}
Session ID: 39bc7658dd0715a436dd395b38dde7de
at java.base/jdk.internal.reflect.NativeConstructorAccessorImpl.newInstance0(Native Method)
at java.base/jdk.internal.reflect.NativeConstructorAccessorImpl.newInstance(NativeConstructorAccessorImpl.java:78)
at java.base/jdk.internal.reflect.DelegatingConstructorAccessorImpl.newInstance(DelegatingConstructorAccessorImpl.java:45)
at java.base/java.lang.reflect.Constructor.newInstanceWithCaller(Constructor.java:499)
at java.base/java.lang.reflect.Constructor.newInstance(Constructor.java:480)
at org.openqa.selenium.remote.codec.w3c.W3CHttpResponseCodec.createException(W3CHttpResponseCodec.java:200)
at org.openqa.selenium.remote.codec.w3c.W3CHttpResponseCodec.decode(W3CHttpResponseCodec.java:133)
at org.openqa.selenium.remote.codec.w3c.W3CHttpResponseCodec.decode(W3CHttpResponseCodec.java:53)
at org.openqa.selenium.remote.HttpCommandExecutor.execute(HttpCommandExecutor.java:184)
at org.openqa.selenium.remote.service.DriverCommandExecutor.invokeExecute(DriverCommandExecutor.java:167)
at org.openqa.selenium.remote.service.DriverCommandExecutor.execute(DriverCommandExecutor.java:142)
at org.openqa.selenium.remote.RemoteWebDriver.execute(RemoteWebDriver.java:541)
at org.openqa.selenium.remote.RemoteWebDriver.get(RemoteWebDriver.java:310)
at com.Kareclouds.Pages.LoginPage.gotoUrl(LoginPage.java:39)
at com.Kareclouds.TestPages.BaseTest.launchApplication(BaseTest.java:63)
at jdk.internal.reflect.GeneratedMethodAccessor4.invoke(Unknown Source)
at java.base/jdk.internal.reflect.DelegatingMethodAccessorImpl.invoke(DelegatingMethodAccessorImpl.java:43)
at java.base/java.lang.reflect.Method.invoke(Method.java:567)
at org.testng.internal.invokers.MethodInvocationHelper.invokeMethod(MethodInvocationHelper.java:139)
at org.testng.internal.invokers.MethodInvocationHelper.invokeMethodConsideringTimeout(MethodInvocationHelper.java:69)
at org.testng.internal.invokers.ConfigInvoker.invokeConfigurationMethod(ConfigInvoker.java:361)
at org.testng.internal.invokers.ConfigInvoker.invokeConfigurations(ConfigInvoker.java:296)
at org.testng.internal.invokers.TestInvoker.runConfigMethods(TestInvoker.java:816)
at org.testng.internal.invokers.TestInvoker.invokeMethod(TestInvoker.java:590)
at org.testng.internal.invokers.TestInvoker.invokeTestMethod(TestInvoker.java:221)
at org.testng.internal.invokers.MethodRunner.runInSequence(MethodRunner.java:50)
at org.testng.internal.invokers.TestInvoker$MethodInvocationAgent.invoke(TestInvoker.java:962)
at org.testng.internal.invokers.TestInvoker.invokeTestMethods(TestInvoker.java:194)
at org.testng.internal.invokers.TestMethodWorker.invokeTestMethods(TestMethodWorker.java:148)
at org.testng.internal.invokers.TestMethodWorker.run(TestMethodWorker.java:128)
at java.base/java.util.ArrayList.forEach(ArrayList.java:1511)
at org.testng.TestRunner.privateRun(TestRunner.java:806)
at org.testng.TestRunner.run(TestRunner.java:601)
at org.testng.SuiteRunner.runTest(SuiteRunner.java:433)
at org.testng.SuiteRunner.runSequentially(SuiteRunner.java:427)
at org.testng.SuiteRunner.privateRun(SuiteRunner.java:387)
at org.testng.SuiteRunner.run(SuiteRunner.java:330)
at org.testng.SuiteRunnerWorker.runSuite(SuiteRunnerWorker.java:52)
at org.testng.SuiteRunnerWorker.run(SuiteRunnerWorker.java:95)
at org.testng.TestNG.runSuitesSequentially(TestNG.java:1256)
at org.testng.TestNG.runSuitesLocally(TestNG.java:1176)
at org.testng.TestNG.runSuites(TestNG.java:1099)
at org.testng.TestNG.run(TestNG.java:1067)
at org.testng.remote.AbstractRemoteTestNG.run(AbstractRemoteTestNG.java:115)
at org.testng.remote.RemoteTestNG.initAndRun(RemoteTestNG.java:251)
at org.testng.remote.RemoteTestNG.main(RemoteTestNG.java:77)
]]>
            </full-stacktrace>
          </exception> <!-- org.openqa.selenium.TimeoutException -->
          <reporter-output>
          </reporter-output>
        </test-method> <!-- launchApplication -->
        <test-method signature="VerifyComplainTypeSearchFun()[pri:0, instance:com.Kareclouds.TestPages.SourcesTest@561868a0]" started-at="2022-12-16T11:20:24 IST" name="VerifyComplainTypeSearchFun" finished-at="2022-12-16T11:20:24 IST" duration-ms="0" status="SKIP">
          <exception class="org.openqa.selenium.TimeoutException">
            <message>
              <![CDATA[timeout: Timed out receiving message from renderer: -0.000
  (Session info: chrome=108.0.5359.124)
Build info: version: '4.6.0', revision: '79f1c02ae20'
System info: os.name: 'Windows 8.1', os.arch: 'amd64', os.version: '6.3', java.version: '16.0.1'
Driver info: org.openqa.selenium.chrome.ChromeDriver
Command: [39bc7658dd0715a436dd395b38dde7de, get {url=http://kareclouds.com/site/login}]
Capabilities {acceptInsecureCerts: false, browserName: chrome, browserVersion: 108.0.5359.124, chrome: {chromedriverVersion: 108.0.5359.71 (1e0e3868ee06..., userDataDir: C:\Users\PRASAN~1\AppData\L...}, goog:chromeOptions: {debuggerAddress: localhost:49903}, networkConnectionEnabled: false, pageLoadStrategy: normal, platformName: WINDOWS, proxy: Proxy(), se:cdp: ws://localhost:49903/devtoo..., se:cdpVersion: 108.0.5359.124, setWindowRect: true, strictFileInteractability: false, timeouts: {implicit: 0, pageLoad: 300000, script: 30000}, unhandledPromptBehavior: dismiss and notify, webauthn:extension:credBlob: true, webauthn:extension:largeBlob: true, webauthn:virtualAuthenticators: true}
Session ID: 39bc7658dd0715a436dd395b38dde7de]]>
            </message>
            <full-stacktrace>
              <![CDATA[org.openqa.selenium.TimeoutException: timeout: Timed out receiving message from renderer: -0.000
  (Session info: chrome=108.0.5359.124)
Build info: version: '4.6.0', revision: '79f1c02ae20'
System info: os.name: 'Windows 8.1', os.arch: 'amd64', os.version: '6.3', java.version: '16.0.1'
Driver info: org.openqa.selenium.chrome.ChromeDriver
Command: [39bc7658dd0715a436dd395b38dde7de, get {url=http://kareclouds.com/site/login}]
Capabilities {acceptInsecureCerts: false, browserName: chrome, browserVersion: 108.0.5359.124, chrome: {chromedriverVersion: 108.0.5359.71 (1e0e3868ee06..., userDataDir: C:\Users\PRASAN~1\AppData\L...}, goog:chromeOptions: {debuggerAddress: localhost:49903}, networkConnectionEnabled: false, pageLoadStrategy: normal, platformName: WINDOWS, proxy: Proxy(), se:cdp: ws://localhost:49903/devtoo..., se:cdpVersion: 108.0.5359.124, setWindowRect: true, strictFileInteractability: false, timeouts: {implicit: 0, pageLoad: 300000, script: 30000}, unhandledPromptBehavior: dismiss and notify, webauthn:extension:credBlob: true, webauthn:extension:largeBlob: true, webauthn:virtualAuthenticators: true}
Session ID: 39bc7658dd0715a436dd395b38dde7de
at java.base/jdk.internal.reflect.NativeConstructorAccessorImpl.newInstance0(Native Method)
at java.base/jdk.internal.reflect.NativeConstructorAccessorImpl.newInstance(NativeConstructorAccessorImpl.java:78)
at java.base/jdk.internal.reflect.DelegatingConstructorAccessorImpl.newInstance(DelegatingConstructorAccessorImpl.java:45)
at java.base/java.lang.reflect.Constructor.newInstanceWithCaller(Constructor.java:499)
at java.base/java.lang.reflect.Constructor.newInstance(Constructor.java:480)
at org.openqa.selenium.remote.codec.w3c.W3CHttpResponseCodec.createException(W3CHttpResponseCodec.java:200)
at org.openqa.selenium.remote.codec.w3c.W3CHttpResponseCodec.decode(W3CHttpResponseCodec.java:133)
at org.openqa.selenium.remote.codec.w3c.W3CHttpResponseCodec.decode(W3CHttpResponseCodec.java:53)
at org.openqa.selenium.remote.HttpCommandExecutor.execute(HttpCommandExecutor.java:184)
at org.openqa.selenium.remote.service.DriverCommandExecutor.invokeExecute(DriverCommandExecutor.java:167)
at org.openqa.selenium.remote.service.DriverCommandExecutor.execute(DriverCommandExecutor.java:142)
at org.openqa.selenium.remote.RemoteWebDriver.execute(RemoteWebDriver.java:541)
at org.openqa.selenium.remote.RemoteWebDriver.get(RemoteWebDriver.java:310)
at com.Kareclouds.Pages.LoginPage.gotoUrl(LoginPage.java:39)
at com.Kareclouds.TestPages.BaseTest.launchApplication(BaseTest.java:63)
at jdk.internal.reflect.GeneratedMethodAccessor4.invoke(Unknown Source)
at java.base/jdk.internal.reflect.DelegatingMethodAccessorImpl.invoke(DelegatingMethodAccessorImpl.java:43)
at java.base/java.lang.reflect.Method.invoke(Method.java:567)
at org.testng.internal.invokers.MethodInvocationHelper.invokeMethod(MethodInvocationHelper.java:139)
at org.testng.internal.invokers.MethodInvocationHelper.invokeMethodConsideringTimeout(MethodInvocationHelper.java:69)
at org.testng.internal.invokers.ConfigInvoker.invokeConfigurationMethod(ConfigInvoker.java:361)
at org.testng.internal.invokers.ConfigInvoker.invokeConfigurations(ConfigInvoker.java:296)
at org.testng.internal.invokers.TestInvoker.runConfigMethods(TestInvoker.java:816)
at org.testng.internal.invokers.TestInvoker.invokeMethod(TestInvoker.java:590)
at org.testng.internal.invokers.TestInvoker.invokeTestMethod(TestInvoker.java:221)
at org.testng.internal.invokers.MethodRunner.runInSequence(MethodRunner.java:50)
at org.testng.internal.invokers.TestInvoker$MethodInvocationAgent.invoke(TestInvoker.java:962)
at org.testng.internal.invokers.TestInvoker.invokeTestMethods(TestInvoker.java:194)
at org.testng.internal.invokers.TestMethodWorker.invokeTestMethods(TestMethodWorker.java:148)
at org.testng.internal.invokers.TestMethodWorker.run(TestMethodWorker.java:128)
at java.base/java.util.ArrayList.forEach(ArrayList.java:1511)
at org.testng.TestRunner.privateRun(TestRunner.java:806)
at org.testng.TestRunner.run(TestRunner.java:601)
at org.testng.SuiteRunner.runTest(SuiteRunner.java:433)
at org.testng.SuiteRunner.runSequentially(SuiteRunner.java:427)
at org.testng.SuiteRunner.privateRun(SuiteRunner.java:387)
at org.testng.SuiteRunner.run(SuiteRunner.java:330)
at org.testng.SuiteRunnerWorker.runSuite(SuiteRunnerWorker.java:52)
at org.testng.SuiteRunnerWorker.run(SuiteRunnerWorker.java:95)
at org.testng.TestNG.runSuitesSequentially(TestNG.java:1256)
at org.testng.TestNG.runSuitesLocally(TestNG.java:1176)
at org.testng.TestNG.runSuites(TestNG.java:1099)
at org.testng.TestNG.run(TestNG.java:1067)
at org.testng.remote.AbstractRemoteTestNG.run(AbstractRemoteTestNG.java:115)
at org.testng.remote.RemoteTestNG.initAndRun(RemoteTestNG.java:251)
at org.testng.remote.RemoteTestNG.main(RemoteTestNG.java:77)
]]>
            </full-stacktrace>
          </exception> <!-- org.openqa.selenium.TimeoutException -->
          <reporter-output>
          </reporter-output>
        </test-method> <!-- VerifyComplainTypeSearchFun -->
        <test-method is-config="true" signature="tearDown()[pri:0, instance:com.Kareclouds.TestPages.SourcesTest@561868a0]" started-at="2022-12-16T11:20:24 IST" name="tearDown" finished-at="2022-12-16T11:20:28 IST" duration-ms="4064" status="PASS">
          <reporter-output>
          </reporter-output>
        </test-method> <!-- tearDown -->
        <test-method is-config="true" signature="launchApplication(org.testng.ITestContext)[pri:0, instance:com.Kareclouds.TestPages.SourcesTest@561868a0]" started-at="2022-12-16T11:20:28 IST" name="launchApplication" finished-at="2022-12-16T11:20:52 IST" duration-ms="23297" status="FAIL">
          <params>
            <param index="0">
              <value>
                <![CDATA[org.testng.TestRunner@7c81b1e1]]>
              </value>
            </param>
          </params>
          <exception class="org.openqa.selenium.TimeoutException">
            <message>
              <![CDATA[timeout: Timed out receiving message from renderer: 1.299
  (Session info: chrome=108.0.5359.124)
Build info: version: '4.6.0', revision: '79f1c02ae20'
System info: os.name: 'Windows 8.1', os.arch: 'amd64', os.version: '6.3', java.version: '16.0.1'
Driver info: org.openqa.selenium.chrome.ChromeDriver
Command: [111e820b93f62f0c2e86b88fac4b2317, get {url=http://kareclouds.com/site/login}]
Capabilities {acceptInsecureCerts: false, browserName: chrome, browserVersion: 108.0.5359.124, chrome: {chromedriverVersion: 108.0.5359.71 (1e0e3868ee06..., userDataDir: C:\Users\PRASAN~1\AppData\L...}, goog:chromeOptions: {debuggerAddress: localhost:49924}, networkConnectionEnabled: false, pageLoadStrategy: normal, platformName: WINDOWS, proxy: Proxy(), se:cdp: ws://localhost:49924/devtoo..., se:cdpVersion: 108.0.5359.124, setWindowRect: true, strictFileInteractability: false, timeouts: {implicit: 0, pageLoad: 300000, script: 30000}, unhandledPromptBehavior: dismiss and notify, webauthn:extension:credBlob: true, webauthn:extension:largeBlob: true, webauthn:virtualAuthenticators: true}
Session ID: 111e820b93f62f0c2e86b88fac4b2317]]>
            </message>
            <full-stacktrace>
              <![CDATA[org.openqa.selenium.TimeoutException: timeout: Timed out receiving message from renderer: 1.299
  (Session info: chrome=108.0.5359.124)
Build info: version: '4.6.0', revision: '79f1c02ae20'
System info: os.name: 'Windows 8.1', os.arch: 'amd64', os.version: '6.3', java.version: '16.0.1'
Driver info: org.openqa.selenium.chrome.ChromeDriver
Command: [111e820b93f62f0c2e86b88fac4b2317, get {url=http://kareclouds.com/site/login}]
Capabilities {acceptInsecureCerts: false, browserName: chrome, browserVersion: 108.0.5359.124, chrome: {chromedriverVersion: 108.0.5359.71 (1e0e3868ee06..., userDataDir: C:\Users\PRASAN~1\AppData\L...}, goog:chromeOptions: {debuggerAddress: localhost:49924}, networkConnectionEnabled: false, pageLoadStrategy: normal, platformName: WINDOWS, proxy: Proxy(), se:cdp: ws://localhost:49924/devtoo..., se:cdpVersion: 108.0.5359.124, setWindowRect: true, strictFileInteractability: false, timeouts: {implicit: 0, pageLoad: 300000, script: 30000}, unhandledPromptBehavior: dismiss and notify, webauthn:extension:credBlob: true, webauthn:extension:largeBlob: true, webauthn:virtualAuthenticators: true}
Session ID: 111e820b93f62f0c2e86b88fac4b2317
at java.base/jdk.internal.reflect.NativeConstructorAccessorImpl.newInstance0(Native Method)
at java.base/jdk.internal.reflect.NativeConstructorAccessorImpl.newInstance(NativeConstructorAccessorImpl.java:78)
at java.base/jdk.internal.reflect.DelegatingConstructorAccessorImpl.newInstance(DelegatingConstructorAccessorImpl.java:45)
at java.base/java.lang.reflect.Constructor.newInstanceWithCaller(Constructor.java:499)
at java.base/java.lang.reflect.Constructor.newInstance(Constructor.java:480)
at org.openqa.selenium.remote.codec.w3c.W3CHttpResponseCodec.createException(W3CHttpResponseCodec.java:200)
at org.openqa.selenium.remote.codec.w3c.W3CHttpResponseCodec.decode(W3CHttpResponseCodec.java:133)
at org.openqa.selenium.remote.codec.w3c.W3CHttpResponseCodec.decode(W3CHttpResponseCodec.java:53)
at org.openqa.selenium.remote.HttpCommandExecutor.execute(HttpCommandExecutor.java:184)
at org.openqa.selenium.remote.service.DriverCommandExecutor.invokeExecute(DriverCommandExecutor.java:167)
at org.openqa.selenium.remote.service.DriverCommandExecutor.execute(DriverCommandExecutor.java:142)
at org.openqa.selenium.remote.RemoteWebDriver.execute(RemoteWebDriver.java:541)
at org.openqa.selenium.remote.RemoteWebDriver.get(RemoteWebDriver.java:310)
at com.Kareclouds.Pages.LoginPage.gotoUrl(LoginPage.java:39)
at com.Kareclouds.TestPages.BaseTest.launchApplication(BaseTest.java:63)
at jdk.internal.reflect.GeneratedMethodAccessor4.invoke(Unknown Source)
at java.base/jdk.internal.reflect.DelegatingMethodAccessorImpl.invoke(DelegatingMethodAccessorImpl.java:43)
at java.base/java.lang.reflect.Method.invoke(Method.java:567)
at org.testng.internal.invokers.MethodInvocationHelper.invokeMethod(MethodInvocationHelper.java:139)
at org.testng.internal.invokers.MethodInvocationHelper.invokeMethodConsideringTimeout(MethodInvocationHelper.java:69)
at org.testng.internal.invokers.ConfigInvoker.invokeConfigurationMethod(ConfigInvoker.java:361)
at org.testng.internal.invokers.ConfigInvoker.invokeConfigurations(ConfigInvoker.java:296)
at org.testng.internal.invokers.TestInvoker.runConfigMethods(TestInvoker.java:816)
at org.testng.internal.invokers.TestInvoker.invokeMethod(TestInvoker.java:590)
at org.testng.internal.invokers.TestInvoker.invokeTestMethod(TestInvoker.java:221)
at org.testng.internal.invokers.MethodRunner.runInSequence(MethodRunner.java:50)
at org.testng.internal.invokers.TestInvoker$MethodInvocationAgent.invoke(TestInvoker.java:962)
at org.testng.internal.invokers.TestInvoker.invokeTestMethods(TestInvoker.java:194)
at org.testng.internal.invokers.TestMethodWorker.invokeTestMethods(TestMethodWorker.java:148)
at org.testng.internal.invokers.TestMethodWorker.run(TestMethodWorker.java:128)
at java.base/java.util.ArrayList.forEach(ArrayList.java:1511)
at org.testng.TestRunner.privateRun(TestRunner.java:806)
at org.testng.TestRunner.run(TestRunner.java:601)
at org.testng.SuiteRunner.runTest(SuiteRunner.java:433)
at org.testng.SuiteRunner.runSequentially(SuiteRunner.java:427)
at org.testng.SuiteRunner.privateRun(SuiteRunner.java:387)
at org.testng.SuiteRunner.run(SuiteRunner.java:330)
at org.testng.SuiteRunnerWorker.runSuite(SuiteRunnerWorker.java:52)
at org.testng.SuiteRunnerWorker.run(SuiteRunnerWorker.java:95)
at org.testng.TestNG.runSuitesSequentially(TestNG.java:1256)
at org.testng.TestNG.runSuitesLocally(TestNG.java:1176)
at org.testng.TestNG.runSuites(TestNG.java:1099)
at org.testng.TestNG.run(TestNG.java:1067)
at org.testng.remote.AbstractRemoteTestNG.run(AbstractRemoteTestNG.java:115)
at org.testng.remote.RemoteTestNG.initAndRun(RemoteTestNG.java:251)
at org.testng.remote.RemoteTestNG.main(RemoteTestNG.java:77)
]]>
            </full-stacktrace>
          </exception> <!-- org.openqa.selenium.TimeoutException -->
          <reporter-output>
          </reporter-output>
        </test-method> <!-- launchApplication -->
        <test-method signature="VerifyaddSourcesForm()[pri:0, instance:com.Kareclouds.TestPages.SourcesTest@561868a0]" started-at="2022-12-16T11:20:52 IST" name="VerifyaddSourcesForm" finished-at="2022-12-16T11:20:52 IST" duration-ms="0" status="SKIP">
          <exception class="org.openqa.selenium.TimeoutException">
            <message>
              <![CDATA[timeout: Timed out receiving message from renderer: -0.000
  (Session info: chrome=108.0.5359.124)
Build info: version: '4.6.0', revision: '79f1c02ae20'
System info: os.name: 'Windows 8.1', os.arch: 'amd64', os.version: '6.3', java.version: '16.0.1'
Driver info: org.openqa.selenium.chrome.ChromeDriver
Command: [39bc7658dd0715a436dd395b38dde7de, get {url=http://kareclouds.com/site/login}]
Capabilities {acceptInsecureCerts: false, browserName: chrome, browserVersion: 108.0.5359.124, chrome: {chromedriverVersion: 108.0.5359.71 (1e0e3868ee06..., userDataDir: C:\Users\PRASAN~1\AppData\L...}, goog:chromeOptions: {debuggerAddress: localhost:49903}, networkConnectionEnabled: false, pageLoadStrategy: normal, platformName: WINDOWS, proxy: Proxy(), se:cdp: ws://localhost:49903/devtoo..., se:cdpVersion: 108.0.5359.124, setWindowRect: true, strictFileInteractability: false, timeouts: {implicit: 0, pageLoad: 300000, script: 30000}, unhandledPromptBehavior: dismiss and notify, webauthn:extension:credBlob: true, webauthn:extension:largeBlob: true, webauthn:virtualAuthenticators: true}
Session ID: 39bc7658dd0715a436dd395b38dde7de]]>
            </message>
            <full-stacktrace>
              <![CDATA[org.openqa.selenium.TimeoutException: timeout: Timed out receiving message from renderer: -0.000
  (Session info: chrome=108.0.5359.124)
Build info: version: '4.6.0', revision: '79f1c02ae20'
System info: os.name: 'Windows 8.1', os.arch: 'amd64', os.version: '6.3', java.version: '16.0.1'
Driver info: org.openqa.selenium.chrome.ChromeDriver
Command: [39bc7658dd0715a436dd395b38dde7de, get {url=http://kareclouds.com/site/login}]
Capabilities {acceptInsecureCerts: false, browserName: chrome, browserVersion: 108.0.5359.124, chrome: {chromedriverVersion: 108.0.5359.71 (1e0e3868ee06..., userDataDir: C:\Users\PRASAN~1\AppData\L...}, goog:chromeOptions: {debuggerAddress: localhost:49903}, networkConnectionEnabled: false, pageLoadStrategy: normal, platformName: WINDOWS, proxy: Proxy(), se:cdp: ws://localhost:49903/devtoo..., se:cdpVersion: 108.0.5359.124, setWindowRect: true, strictFileInteractability: false, timeouts: {implicit: 0, pageLoad: 300000, script: 30000}, unhandledPromptBehavior: dismiss and notify, webauthn:extension:credBlob: true, webauthn:extension:largeBlob: true, webauthn:virtualAuthenticators: true}
Session ID: 39bc7658dd0715a436dd395b38dde7de
at java.base/jdk.internal.reflect.NativeConstructorAccessorImpl.newInstance0(Native Method)
at java.base/jdk.internal.reflect.NativeConstructorAccessorImpl.newInstance(NativeConstructorAccessorImpl.java:78)
at java.base/jdk.internal.reflect.DelegatingConstructorAccessorImpl.newInstance(DelegatingConstructorAccessorImpl.java:45)
at java.base/java.lang.reflect.Constructor.newInstanceWithCaller(Constructor.java:499)
at java.base/java.lang.reflect.Constructor.newInstance(Constructor.java:480)
at org.openqa.selenium.remote.codec.w3c.W3CHttpResponseCodec.createException(W3CHttpResponseCodec.java:200)
at org.openqa.selenium.remote.codec.w3c.W3CHttpResponseCodec.decode(W3CHttpResponseCodec.java:133)
at org.openqa.selenium.remote.codec.w3c.W3CHttpResponseCodec.decode(W3CHttpResponseCodec.java:53)
at org.openqa.selenium.remote.HttpCommandExecutor.execute(HttpCommandExecutor.java:184)
at org.openqa.selenium.remote.service.DriverCommandExecutor.invokeExecute(DriverCommandExecutor.java:167)
at org.openqa.selenium.remote.service.DriverCommandExecutor.execute(DriverCommandExecutor.java:142)
at org.openqa.selenium.remote.RemoteWebDriver.execute(RemoteWebDriver.java:541)
at org.openqa.selenium.remote.RemoteWebDriver.get(RemoteWebDriver.java:310)
at com.Kareclouds.Pages.LoginPage.gotoUrl(LoginPage.java:39)
at com.Kareclouds.TestPages.BaseTest.launchApplication(BaseTest.java:63)
at jdk.internal.reflect.GeneratedMethodAccessor4.invoke(Unknown Source)
at java.base/jdk.internal.reflect.DelegatingMethodAccessorImpl.invoke(DelegatingMethodAccessorImpl.java:43)
at java.base/java.lang.reflect.Method.invoke(Method.java:567)
at org.testng.internal.invokers.MethodInvocationHelper.invokeMethod(MethodInvocationHelper.java:139)
at org.testng.internal.invokers.MethodInvocationHelper.invokeMethodConsideringTimeout(MethodInvocationHelper.java:69)
at org.testng.internal.invokers.ConfigInvoker.invokeConfigurationMethod(ConfigInvoker.java:361)
at org.testng.internal.invokers.ConfigInvoker.invokeConfigurations(ConfigInvoker.java:296)
at org.testng.internal.invokers.TestInvoker.runConfigMethods(TestInvoker.java:816)
at org.testng.internal.invokers.TestInvoker.invokeMethod(TestInvoker.java:590)
at org.testng.internal.invokers.TestInvoker.invokeTestMethod(TestInvoker.java:221)
at org.testng.internal.invokers.MethodRunner.runInSequence(MethodRunner.java:50)
at org.testng.internal.invokers.TestInvoker$MethodInvocationAgent.invoke(TestInvoker.java:962)
at org.testng.internal.invokers.TestInvoker.invokeTestMethods(TestInvoker.java:194)
at org.testng.internal.invokers.TestMethodWorker.invokeTestMethods(TestMethodWorker.java:148)
at org.testng.internal.invokers.TestMethodWorker.run(TestMethodWorker.java:128)
at java.base/java.util.ArrayList.forEach(ArrayList.java:1511)
at org.testng.TestRunner.privateRun(TestRunner.java:806)
at org.testng.TestRunner.run(TestRunner.java:601)
at org.testng.SuiteRunner.runTest(SuiteRunner.java:433)
at org.testng.SuiteRunner.runSequentially(SuiteRunner.java:427)
at org.testng.SuiteRunner.privateRun(SuiteRunner.java:387)
at org.testng.SuiteRunner.run(SuiteRunner.java:330)
at org.testng.SuiteRunnerWorker.runSuite(SuiteRunnerWorker.java:52)
at org.testng.SuiteRunnerWorker.run(SuiteRunnerWorker.java:95)
at org.testng.TestNG.runSuitesSequentially(TestNG.java:1256)
at org.testng.TestNG.runSuitesLocally(TestNG.java:1176)
at org.testng.TestNG.runSuites(TestNG.java:1099)
at org.testng.TestNG.run(TestNG.java:1067)
at org.testng.remote.AbstractRemoteTestNG.run(AbstractRemoteTestNG.java:115)
at org.testng.remote.RemoteTestNG.initAndRun(RemoteTestNG.java:251)
at org.testng.remote.RemoteTestNG.main(RemoteTestNG.java:77)
]]>
            </full-stacktrace>
          </exception> <!-- org.openqa.selenium.TimeoutException -->
          <reporter-output>
          </reporter-output>
        </test-method> <!-- VerifyaddSourcesForm -->
        <test-method is-config="true" signature="tearDown()[pri:0, instance:com.Kareclouds.TestPages.SourcesTest@561868a0]" started-at="2022-12-16T11:20:52 IST" name="tearDown" finished-at="2022-12-16T11:20:56 IST" duration-ms="4144" status="PASS">
          <reporter-output>
          </reporter-output>
        </test-method> <!-- tearDown -->
      </class> <!-- com.Kareclouds.TestPages.SourcesTest -->
      <class name="com.Kareclouds.TestPages.FloorTest">
        <test-method is-config="true" signature="launchApplication(org.testng.ITestContext)[pri:0, instance:com.Kareclouds.TestPages.FloorTest@47f9738]" started-at="2022-12-16T11:16:43 IST" name="launchApplication" finished-at="2022-12-16T11:16:56 IST" duration-ms="12693" status="PASS">
          <params>
            <param index="0">
              <value>
                <![CDATA[org.testng.TestRunner@7c81b1e1]]>
              </value>
            </param>
          </params>
          <reporter-output>
          </reporter-output>
        </test-method> <!-- launchApplication -->
        <test-method signature="VerifySearchOptionOfCT()[pri:0, instance:com.Kareclouds.TestPages.FloorTest@47f9738]" started-at="2022-12-16T11:16:56 IST" name="VerifySearchOptionOfCT" finished-at="2022-12-16T11:17:16 IST" duration-ms="20308" status="FAIL">
          <exception class="org.openqa.selenium.TimeoutException">
            <message>
              <![CDATA[timeout: Timed out receiving message from renderer: 20.000
  (Session info: chrome=108.0.5359.124)
Build info: version: '4.6.0', revision: '79f1c02ae20'
[...]
          <reporter-output>
          </reporter-output>
        </test-method> <!-- clickAndVerifyFrontOfficeLink -->
        <test-method is-config="true" signature="tearDown()[pri:0, instance:com.Kareclouds.TestPages.DashBoardTest@6c0d9d86]" started-at="2022-12-16T10:59:52 IST" name="tearDown" finished-at="2022-12-16T10:59:56 IST" duration-ms="4060" status="PASS">
          <reporter-output>
          </reporter-output>
        </test-method> <!-- tearDown -->
        <test-method is-config="true" signature="launchApplication(org.testng.ITestContext)[pri:0, instance:com.Kareclouds.TestPages.DashBoardTest@6c0d9d86]" started-at="2022-12-16T10:59:56 IST" name="launchApplication" finished-at="2022-12-16T11:00:03 IST" duration-ms="6258" status="PASS">
          <params>
            <param index="0">
              <value>
                <![CDATA[org.testng.TestRunner@7c81b1e1]]>
              </value>
            </param>
          </params>
          <reporter-output>
          </reporter-output>
        </test-method> <!-- launchApplication -->
        <test-method signature="clickAndVerifyHospialtLink()[pri:0, instance:com.Kareclouds.TestPages.DashBoardTest@6c0d9d86]" started-at="2022-12-16T11:00:03 IST" name="clickAndVerifyHospialtLink" finished-at="2022-12-16T11:00:23 IST" duration-ms="20373" status="FAIL">
          <exception class="org.openqa.selenium.TimeoutException">
            <message>
              <![CDATA[timeout: Timed out receiving message from renderer: 20.000
  (Session info: chrome=108.0.5359.124)
Build info: version: '4.6.0', revision: '79f1c02ae20'
System info: os.name: 'Windows 8.1', os.arch: 'amd64', os.version: '6.3', java.version: '16.0.1'
Driver info: org.openqa.selenium.chrome.ChromeDriver
Command: [f2e8e112a5c1a521577fd5351716a45f, clickElement {id=6d7af77c-895d-42cf-958f-6b4321170bb4}]
Capabilities {acceptInsecureCerts: false, browserName: chrome, browserVersion: 108.0.5359.124, chrome: {chromedriverVersion: 108.0.5359.71 (1e0e3868ee06..., userDataDir: C:\Users\PRASAN~1\AppData\L...}, goog:chromeOptions: {debuggerAddress: localhost:64951}, networkConnectionEnabled: false, pageLoadStrategy: normal, platformName: WINDOWS, proxy: Proxy(), se:cdp: ws://localhost:64951/devtoo..., se:cdpVersion: 108.0.5359.124, setWindowRect: true, strictFileInteractability: false, timeouts: {implicit: 0, pageLoad: 300000, script: 30000}, unhandledPromptBehavior: dismiss and notify, webauthn:extension:credBlob: true, webauthn:extension:largeBlob: true, webauthn:virtualAuthenticators: true}
Element: [[ChromeDriver: chrome on WINDOWS (f2e8e112a5c1a521577fd5351716a45f)] -> xpath: //button[@type='submit' and @class='btn']]
Session ID: f2e8e112a5c1a521577fd5351716a45f]]>
            </message>
            <full-stacktrace>
              <![CDATA[org.openqa.selenium.TimeoutException: timeout: Timed out receiving message from renderer: 20.000
  (Session info: chrome=108.0.5359.124)
Build info: version: '4.6.0', revision: '79f1c02ae20'
System info: os.name: 'Windows 8.1', os.arch: 'amd64', os.version: '6.3', java.version: '16.0.1'
Driver info: org.openqa.selenium.chrome.ChromeDriver
Command: [f2e8e112a5c1a521577fd5351716a45f, clickElement {id=6d7af77c-895d-42cf-958f-6b4321170bb4}]
Capabilities {acceptInsecureCerts: false, browserName: chrome, browserVersion: 108.0.5359.124, chrome: {chromedriverVersion: 108.0.5359.71 (1e0e3868ee06..., userDataDir: C:\Users\PRASAN~1\AppData\L...}, goog:chromeOptions: {debuggerAddress: localhost:64951}, networkConnectionEnabled: false, pageLoadStrategy: normal, platformName: WINDOWS, proxy: Proxy(), se:cdp: ws://localhost:64951/devtoo..., se:cdpVersion: 108.0.5359.124, setWindowRect: true, strictFileInteractability: false, timeouts: {implicit: 0, pageLoad: 300000, script: 30000}, unhandledPromptBehavior: dismiss and notify, webauthn:extension:credBlob: true, webauthn:extension:largeBlob: true, webauthn:virtualAuthenticators: true}
Element: [[ChromeDriver: chrome on WINDOWS (f2e8e112a5c1a521577fd5351716a45f)] -> xpath: //button[@type='submit' and @class='btn']]
Session ID: f2e8e112a5c1a521577fd5351716a45f
at java.base/jdk.internal.reflect.NativeConstructorAccessorImpl.newInstance0(Native Method)
at java.base/jdk.internal.reflect.NativeConstructorAccessorImpl.newInstance(NativeConstructorAccessorImpl.java:78)
at java.base/jdk.internal.reflect.DelegatingConstructorAccessorImpl.newInstance(DelegatingConstructorAccessorImpl.java:45)
at java.base/java.lang.reflect.Constructor.newInstanceWithCaller(Constructor.java:499)
at java.base/java.lang.reflect.Constructor.newInstance(Constructor.java:480)
at org.openqa.selenium.remote.codec.w3c.W3CHttpResponseCodec.createException(W3CHttpResponseCodec.java:200)
at org.openqa.selenium.remote.codec.w3c.W3CHttpResponseCodec.decode(W3CHttpResponseCodec.java:133)
at org.openqa.selenium.remote.codec.w3c.W3CHttpResponseCodec.decode(W3CHttpResponseCodec.java:53)
at org.openqa.selenium.remote.HttpCommandExecutor.execute(HttpCommandExecutor.java:184)
at org.openqa.selenium.remote.service.DriverCommandExecutor.invokeExecute(DriverCommandExecutor.java:167)
at org.openqa.selenium.remote.service.DriverCommandExecutor.execute(DriverCommandExecutor.java:142)
at org.openqa.selenium.remote.RemoteWebDriver.execute(RemoteWebDriver.java:541)
at org.openqa.selenium.remote.RemoteWebElement.execute(RemoteWebElement.java:257)
at org.openqa.selenium.remote.RemoteWebElement.click(RemoteWebElement.java:78)
at java.base/jdk.internal.reflect.NativeMethodAccessorImpl.invoke0(Native Method)
at java.base/jdk.internal.reflect.NativeMethodAccessorImpl.invoke(NativeMethodAccessorImpl.java:78)
at java.base/jdk.internal.reflect.DelegatingMethodAccessorImpl.invoke(DelegatingMethodAccessorImpl.java:43)
at java.base/java.lang.reflect.Method.invoke(Method.java:567)
at org.openqa.selenium.support.pagefactory.internal.LocatingElementHandler.invoke(LocatingElementHandler.java:52)
at jdk.proxy2/jdk.proxy2.$Proxy33.click(Unknown Source)
at com.Kareclouds.Pages.LoginPage.loginWithValidCredentials(LoginPage.java:47)
at com.Kareclouds.TestPages.DashBoardTest.clickAndVerifyHospialtLink(DashBoardTest.java:29)
at java.base/jdk.internal.reflect.NativeMethodAccessorImpl.invoke0(Native Method)
at java.base/jdk.internal.reflect.NativeMethodAccessorImpl.invoke(NativeMethodAccessorImpl.java:78)
at java.base/jdk.internal.reflect.DelegatingMethodAccessorImpl.invoke(DelegatingMethodAccessorImpl.java:43)
at java.base/java.lang.reflect.Method.invoke(Method.java:567)
at org.testng.internal.invokers.MethodInvocationHelper.invokeMethod(MethodInvocationHelper.java:139)
at org.testng.internal.invokers.TestInvoker.invokeMethod(TestInvoker.java:677)
at org.testng.internal.invokers.TestInvoker.invokeTestMethod(TestInvoker.java:221)
at org.testng.internal.invokers.MethodRunner.runInSequence(MethodRunner.java:50)
at org.testng.internal.invokers.TestInvoker$MethodInvocationAgent.invoke(TestInvoker.java:962)
at org.testng.internal.invokers.TestInvoker.invokeTestMethods(TestInvoker.java:194)
at org.testng.internal.invokers.TestMethodWorker.invokeTestMethods(TestMethodWorker.java:148)
at org.testng.internal.invokers.TestMethodWorker.run(TestMethodWorker.java:128)
at java.base/java.util.ArrayList.forEach(ArrayList.java:1511)
at org.testng.TestRunner.privateRun(TestRunner.java:806)
at org.testng.TestRunner.run(TestRunner.java:601)
at org.testng.SuiteRunner.runTest(SuiteRunner.java:433)
at org.testng.SuiteRunner.runSequentially(SuiteRunner.java:427)
at org.testng.SuiteRunner.privateRun(SuiteRunner.java:387)
at org.testng.SuiteRunner.run(SuiteRunner.java:330)
at org.testng.SuiteRunnerWorker.runSuite(SuiteRunnerWorker.java:52)
at org.testng.SuiteRunnerWorker.run(SuiteRunnerWorker.java:95)
at org.testng.TestNG.runSuitesSequentially(TestNG.java:1256)
at org.testng.TestNG.runSuitesLocally(TestNG.java:1176)
at org.testng.TestNG.runSuites(TestNG.java:1099)
at org.testng.TestNG.run(TestNG.java:1067)
at org.testng.remote.AbstractRemoteTestNG.run(AbstractRemoteTestNG.java:115)
at org.testng.remote.RemoteTestNG.initAndRun(RemoteTestNG.java:251)
at org.testng.remote.RemoteTestNG.main(RemoteTestNG.java:77)
]]>
            </full-stacktrace>
          </exception> <!-- org.openqa.selenium.TimeoutException -->
          <reporter-output>
          </reporter-output>
        </test-method> <!-- clickAndVerifyHospialtLink -->
        <test-method is-config="true" signature="tearDown()[pri:0, instance:com.Kareclouds.TestPages.DashBoardTest@6c0d9d86]" started-at="2022-12-16T11:00:23 IST" name="tearDown" finished-at="2022-12-16T11:00:27 IST" duration-ms="4063" status="PASS">
          <reporter-output>
          </reporter-output>
        </test-method> <!-- tearDown -->
        <test-method is-config="true" signature="launchApplication(org.testng.ITestContext)[pri:0, instance:com.Kareclouds.TestPages.DashBoardTest@6c0d9d86]" started-at="2022-12-16T11:00:27 IST" name="launchApplication" finished-at="2022-12-16T11:00:51 IST" duration-ms="24009" status="PASS">
          <params>
            <param index="0">
              <value>
                <![CDATA[org.testng.TestRunner@7c81b1e1]]>
              </value>
            </param>
          </params>
          <reporter-output>
          </reporter-output>
        </test-method> <!-- launchApplication -->
        <test-method signature="clickAndVerifytPatientLink()[pri:0, instance:com.Kareclouds.TestPages.DashBoardTest@6c0d9d86]" started-at="2022-12-16T11:00:51 IST" name="clickAndVerifytPatientLink" finished-at="2022-12-16T11:01:12 IST" duration-ms="20463" status="FAIL">
          <exception class="org.openqa.selenium.TimeoutException">
            <message>
              <![CDATA[timeout: Timed out receiving message from renderer: 20.000
  (Session info: chrome=108.0.5359.124)
Build info: version: '4.6.0', revision: '79f1c02ae20'
System info: os.name: 'Windows 8.1', os.arch: 'amd64', os.version: '6.3', java.version: '16.0.1'
Driver info: org.openqa.selenium.chrome.ChromeDriver
Command: [e2ab683137694d3b4678d9192419bd67, clickElement {id=c7f2c815-673c-46ae-9e77-73153e078f1d}]
Capabilities {acceptInsecureCerts: false, browserName: chrome, browserVersion: 108.0.5359.124, chrome: {chromedriverVersion: 108.0.5359.71 (1e0e3868ee06..., userDataDir: C:\Users\PRASAN~1\AppData\L...}, goog:chromeOptions: {debuggerAddress: localhost:64992}, networkConnectionEnabled: false, pageLoadStrategy: normal, platformName: WINDOWS, proxy: Proxy(), se:cdp: ws://localhost:64992/devtoo..., se:cdpVersion: 108.0.5359.124, setWindowRect: true, strictFileInteractability: false, timeouts: {implicit: 0, pageLoad: 300000, script: 30000}, unhandledPromptBehavior: dismiss and notify, webauthn:extension:credBlob: true, webauthn:extension:largeBlob: true, webauthn:virtualAuthenticators: true}
Element: [[ChromeDriver: chrome on WINDOWS (e2ab683137694d3b4678d9192419bd67)] -> xpath: //button[@type='submit' and @class='btn']]
Session ID: e2ab683137694d3b4678d9192419bd67]]>
            </message>
            <full-stacktrace>
              <![CDATA[org.openqa.selenium.TimeoutException: timeout: Timed out receiving message from renderer: 20.000
  (Session info: chrome=108.0.5359.124)
Build info: version: '4.6.0', revision: '79f1c02ae20'
System info: os.name: 'Windows 8.1', os.arch: 'amd64', os.version: '6.3', java.version: '16.0.1'
Driver info: org.openqa.selenium.chrome.ChromeDriver
Command: [e2ab683137694d3b4678d9192419bd67, clickElement {id=c7f2c815-673c-46ae-9e77-73153e078f1d}]
Capabilities {acceptInsecureCerts: false, browserName: chrome, browserVersion: 108.0.5359.124, chrome: {chromedriverVersion: 108.0.5359.71 (1e0e3868ee06..., userDataDir: C:\Users\PRASAN~1\AppData\L...}, goog:chromeOptions: {debuggerAddress: localhost:64992}, networkConnectionEnabled: false, pageLoadStrategy: normal, platformName: WINDOWS, proxy: Proxy(), se:cdp: ws://localhost:64992/devtoo..., se:cdpVersion: 108.0.5359.124, setWindowRect: true, strictFileInteractability: false, timeouts: {implicit: 0, pageLoad: 300000, script: 30000}, unhandledPromptBehavior: dismiss and notify, webauthn:extension:credBlob: true, webauthn:extension:largeBlob: true, webauthn:virtualAuthenticators: true}
Element: [[ChromeDriver: chrome on WINDOWS (e2ab683137694d3b4678d9192419bd67)] -> xpath: //button[@type='submit' and @class='btn']]
Session ID: e2ab683137694d3b4678d9192419bd67
at java.base/jdk.internal.reflect.NativeConstructorAccessorImpl.newInstance0(Native Method)
at java.base/jdk.internal.reflect.NativeConstructorAccessorImpl.newInstance(NativeConstructorAccessorImpl.java:78)
at java.base/jdk.internal.reflect.DelegatingConstructorAccessorImpl.newInstance(DelegatingConstructorAccessorImpl.java:45)
at java.base/java.lang.reflect.Constructor.newInstanceWithCaller(Constructor.java:499)
at java.base/java.lang.reflect.Constructor.newInstance(Constructor.java:480)
at org.openqa.selenium.remote.codec.w3c.W3CHttpResponseCodec.createException(W3CHttpResponseCodec.java:200)
at org.openqa.selenium.remote.codec.w3c.W3CHttpResponseCodec.decode(W3CHttpResponseCodec.java:133)
at org.openqa.selenium.remote.codec.w3c.W3CHttpResponseCodec.decode(W3CHttpResponseCodec.java:53)
at org.openqa.selenium.remote.HttpCommandExecutor.execute(HttpCommandExecutor.java:184)
at org.openqa.selenium.remote.service.DriverCommandExecutor.invokeExecute(DriverCommandExecutor.java:167)
at org.openqa.selenium.remote.service.DriverCommandExecutor.execute(DriverCommandExecutor.java:142)
at org.openqa.selenium.remote.RemoteWebDriver.execute(RemoteWebDriver.java:541)
at org.openqa.selenium.remote.RemoteWebElement.execute(RemoteWebElement.java:257)
at org.openqa.selenium.remote.RemoteWebElement.click(RemoteWebElement.java:78)
at java.base/jdk.internal.reflect.NativeMethodAccessorImpl.invoke0(Native Method)
at java.base/jdk.internal.reflect.NativeMethodAccessorImpl.invoke(NativeMethodAccessorImpl.java:78)
at java.base/jdk.internal.reflect.DelegatingMethodAccessorImpl.invoke(DelegatingMethodAccessorImpl.java:43)
at java.base/java.lang.reflect.Method.invoke(Method.java:567)
at org.openqa.selenium.support.pagefactory.internal.LocatingElementHandler.invoke(LocatingElementHandler.java:52)
at jdk.proxy2/jdk.proxy2.$Proxy33.click(Unknown Source)
at com.Kareclouds.Pages.LoginPage.loginWithValidCredentials(LoginPage.java:47)
at com.Kareclouds.TestPages.DashBoardTest.clickAndVerifytPatientLink(DashBoardTest.java:21)
at java.base/jdk.internal.reflect.NativeMethodAccessorImpl.invoke0(Native Method)
at java.base/jdk.internal.reflect.NativeMethodAccessorImpl.invoke(NativeMethodAccessorImpl.java:78)
at java.base/jdk.internal.reflect.DelegatingMethodAccessorImpl.invoke(DelegatingMethodAccessorImpl.java:43)
at java.base/java.lang.reflect.Method.invoke(Method.java:567)
at org.testng.internal.invokers.MethodInvocationHelper.invokeMethod(MethodInvocationHelper.java:139)
at org.testng.internal.invokers.TestInvoker.invokeMethod(TestInvoker.java:677)
at org.testng.internal.invokers.TestInvoker.invokeTestMethod(TestInvoker.java:221)
at org.testng.internal.invokers.MethodRunner.runInSequence(MethodRunner.java:50)
at org.testng.internal.invokers.TestInvoker$MethodInvocationAgent.invoke(TestInvoker.java:962)
at org.testng.internal.invokers.TestInvoker.invokeTestMethods(TestInvoker.java:194)
at org.testng.internal.invokers.TestMethodWorker.invokeTestMethods(TestMethodWorker.java:148)
at org.testng.internal.invokers.TestMethodWorker.run(TestMethodWorker.java:128)
at java.base/java.util.ArrayList.forEach(ArrayList.java:1511)
at org.testng.TestRunner.privateRun(TestRunner.java:806)
at org.testng.TestRunner.run(TestRunner.java:601)
at org.testng.SuiteRunner.runTest(SuiteRunner.java:433)
at org.testng.SuiteRunner.runSequentially(SuiteRunner.java:427)
at org.testng.SuiteRunner.privateRun(SuiteRunner.java:387)
at org.testng.SuiteRunner.run(SuiteRunner.java:330)
at org.testng.SuiteRunnerWorker.runSuite(SuiteRunnerWorker.java:52)
at org.testng.SuiteRunnerWorker.run(SuiteRunnerWorker.java:95)
at org.testng.TestNG.runSuitesSequentially(TestNG.java:1256)
at org.testng.TestNG.runSuitesLocally(TestNG.java:1176)
at org.testng.TestNG.runSuites(TestNG.java:1099)
at org.testng.TestNG.run(TestNG.java:1067)
at org.testng.remote.AbstractRemoteTestNG.run(AbstractRemoteTestNG.java:115)
at org.testng.remote.RemoteTestNG.initAndRun(RemoteTestNG.java:251)
at org.testng.remote.RemoteTestNG.main(RemoteTestNG.java:77)
]]>
            </full-stacktrace>
          </exception> <!-- org.openqa.selenium.TimeoutException -->
          <reporter-output>
          </reporter-output>
        </test-method> <!-- clickAndVerifytPatientLink -->
        <test-method is-config="true" signature="tearDown()[pri:0, instance:com.Kareclouds.TestPages.DashBoardTest@6c0d9d86]" started-at="2022-12-16T11:01:12 IST" name="tearDown" finished-at="2022-12-16T11:01:12 IST" duration-ms="286" status="PASS">
          <reporter-output>
          </reporter-output>
        </test-method> <!-- tearDown -->
      </class> <!-- com.Kareclouds.TestPages.DashBoardTest -->
      <class name="com.Kareclouds.TestPages.BedTypeTest">
        <test-method is-config="true" signature="launchApplication(org.testng.ITestContext)[pri:0, instance:com.Kareclouds.TestPages.BedTypeTest@7b94089b]" started-at="2022-12-16T11:14:59 IST" name="launchApplication" finished-at="2022-12-16T11:15:05 IST" duration-ms="6710" status="PASS">
          <params>
            <param index="0">
              <value>
                <![CDATA[org.testng.TestRunner@7c81b1e1]]>
              </value>
            </param>
          </params>
          <reporter-output>
          </reporter-output>
        </test-method> <!-- launchApplication -->
        <test-method signature="VerifySearchOptionOfBedType()[pri:0, instance:com.Kareclouds.TestPages.BedTypeTest@7b94089b]" started-at="2022-12-16T11:15:05 IST" name="VerifySearchOptionOfBedType" finished-at="2022-12-16T11:15:19 IST" duration-ms="13424" status="PASS">
          <reporter-output>
          </reporter-output>
        </test-method> <!-- VerifySearchOptionOfBedType -->
        <test-method is-config="true" signature="tearDown()[pri:0, instance:com.Kareclouds.TestPages.BedTypeTest@7b94089b]" started-at="2022-12-16T11:15:19 IST" name="tearDown" finished-at="2022-12-16T11:15:19 IST" duration-ms="194" status="PASS">
          <reporter-output>
          </reporter-output>
        </test-method> <!-- tearDown -->
        <test-method is-config="true" signature="launchApplication(org.testng.ITestContext)[pri:0, instance:com.Kareclouds.TestPages.BedTypeTest@7b94089b]" started-at="2022-12-16T11:15:19 IST" name="launchApplication" finished-at="2022-12-16T11:15:26 IST" duration-ms="7358" status="PASS">
          <params>
            <param index="0">
              <value>
                <![CDATA[org.testng.TestRunner@7c81b1e1]]>
              </value>
            </param>
          </params>
          <reporter-output>
          </reporter-output>
        </test-method> <!-- launchApplication -->
        <test-method signature="VerifyfromOfBedType()[pri:0, instance:com.Kareclouds.TestPages.BedTypeTest@7b94089b]" started-at="2022-12-16T11:15:26 IST" name="VerifyfromOfBedType" finished-at="2022-12-16T11:15:41 IST" duration-ms="14570" status="PASS">
          <reporter-output>
          </reporter-output>
        </test-method> <!-- VerifyfromOfBedType -->
        <test-method is-config="true" signature="tearDown()[pri:0, instance:com.Kareclouds.TestPages.BedTypeTest@7b94089b]" started-at="2022-12-16T11:15:41 IST" name="tearDown" finished-at="2022-12-16T11:15:45 IST" duration-ms="4058" status="PASS">
          <reporter-output>
          </reporter-output>
        </test-method> <!-- tearDown -->
      </class> <!-- com.Kareclouds.TestPages.BedTypeTest -->
    </test> <!-- Test -->
  </suite> <!-- Suite -->
</testng-results>
